Log file open, 04/03/19 01:21:35
LogWindows: Failed to load 'aqProf.dll' (GetLastError=126)
LogWindows: File 'aqProf.dll' does not exist
LogWindows: Failed to load 'VtuneApi.dll' (GetLastError=126)
LogWindows: File 'VtuneApi.dll' does not exist
LogWindows: Failed to load 'VtuneApi32e.dll' (GetLastError=126)
LogWindows: File 'VtuneApi32e.dll' does not exist
LogConsoleResponse: Display: Failed to find resolution value strings in scalability ini. Falling back to default.
LogInit: Display: Running engine for game: GENESIS
LogPakFile: Registered encryption key '00000000000000000000000000000000': 0 pak files mounted, 0 remain pending
LogPlatformFile: Not using cached read wrapper
LogTaskGraph: Started task graph with 5 named threads and 23 total threads with 3 sets of task threads.
LogStats: Stats thread started at 0.267592
LogD3D11RHI: Loaded GFSDK_Aftermath_Lib.x64.dll
LogICUInternationalization: ICU TimeZone Detection - Raw Offset: -7:00, Platform Override: ''
LogPluginManager: Mounting plugin Paper2D
LogPluginManager: Mounting plugin AISupport
LogPluginManager: Mounting plugin LightPropagationVolume
LogPluginManager: Mounting plugin ActorLayerUtilities
LogPluginManager: Mounting plugin CLionSourceCodeAccess
LogPluginManager: Mounting plugin CodeLiteSourceCodeAccess
LogPluginManager: Mounting plugin GitSourceControl
LogPluginManager: Mounting plugin KDevelopSourceCodeAccess
LogPluginManager: Mounting plugin NullSourceCodeAccess
LogPluginManager: Mounting plugin PerforceSourceControl
LogPluginManager: Mounting plugin SubversionSourceControl
LogPluginManager: Mounting plugin UObjectPlugin
LogPluginManager: Mounting plugin VisualStudioCodeSourceCodeAccess
LogPluginManager: Mounting plugin VisualStudioSourceCodeAccess
LogPluginManager: Mounting plugin XCodeSourceCodeAccess
LogPluginManager: Mounting plugin AssetManagerEditor
LogPluginManager: Mounting plugin CryptoKeys
LogPluginManager: Mounting plugin DataValidation
LogPluginManager: Mounting plugin FacialAnimation
LogPluginManager: Mounting plugin GameplayTagsEditor
LogPluginManager: Mounting plugin MacGraphicsSwitching
LogPluginManager: Mounting plugin MeshEditor
LogPluginManager: Mounting plugin MobileLauncherProfileWizard
LogPluginManager: Mounting plugin PluginBrowser
LogPluginManager: Mounting plugin SpeedTreeImporter
LogPluginManager: Mounting plugin DatasmithContent
LogPluginManager: Mounting plugin VariantManagerContent
LogPluginManager: Mounting plugin AlembicImporter
LogPluginManager: Mounting plugin AppleImageUtils
LogPluginManager: Mounting plugin AppleVision
LogPluginManager: Mounting plugin BackChannel
LogPluginManager: Mounting plugin CharacterAI
LogPluginManager: Mounting plugin GeometryCache
LogPluginManager: Mounting plugin HTML5Networking
LogPluginManager: Mounting plugin ProxyLODPlugin
LogPluginManager: Mounting plugin MagicLeap
LogPluginManager: Mounting plugin MagicLeapMedia
LogPluginManager: Mounting plugin AndroidMedia
LogPluginManager: Mounting plugin AvfMedia
LogPluginManager: Mounting plugin ImgMedia
LogPluginManager: Mounting plugin LinearTimecode
LogPluginManager: Mounting plugin MediaCompositing
LogPluginManager: Mounting plugin MediaPlayerEditor
LogPluginManager: Mounting plugin WebMMedia
LogPluginManager: Mounting plugin WmfMedia
LogPluginManager: Mounting plugin TcpMessaging
LogPluginManager: Mounting plugin UdpMessaging
LogPluginManager: Mounting plugin ActorSequence
LogPluginManager: Mounting plugin LevelSequenceEditor
LogPluginManager: Mounting plugin MatineeToLevelSequence
LogPluginManager: Mounting plugin NetcodeUnitTest
LogPluginManager: Mounting plugin NUTUnrealEngine4
LogPluginManager: Mounting plugin OnlineSubsystemGooglePlay
LogPluginManager: Mounting plugin OnlineSubsystemIOS
LogPluginManager: Mounting plugin OnlineSubsystem
LogPluginManager: Mounting plugin OnlineSubsystemNull
LogPluginManager: Mounting plugin OnlineSubsystemUtils
LogPluginManager: Mounting plugin LauncherChunkInstaller
LogPluginManager: Mounting plugin AndroidDeviceProfileSelector
LogPluginManager: Mounting plugin AndroidMoviePlayer
LogPluginManager: Mounting plugin AndroidPermission
LogPluginManager: Mounting plugin AppleMoviePlayer
LogPluginManager: Mounting plugin ArchVisCharacter
LogPluginManager: Mounting plugin AudioCapture
LogPluginManager: Mounting plugin CableComponent
LogPluginManager: Mounting plugin CustomMeshComponent
LogPluginManager: Mounting plugin EditableMesh
LogPluginManager: Mounting plugin ExampleDeviceProfileSelector
LogPluginManager: Mounting plugin Firebase
LogPluginManager: Mounting plugin GoogleCloudMessaging
LogPluginManager: Mounting plugin IOSDeviceProfileSelector
LogPluginManager: Mounting plugin LinuxDeviceProfileSelector
LogPluginManager: Mounting plugin LocationServicesBPLibrary
LogPluginManager: Mounting plugin MobilePatchingUtils
LogPluginManager: Mounting plugin OculusVR
LogPluginManager: Mounting plugin PhysXVehicles
LogPluginManager: Mounting plugin ProceduralMeshComponent
LogPluginManager: Mounting plugin RuntimePhysXCooking
LogPluginManager: Mounting plugin SteamVR
LogPluginManager: Mounting plugin WebMMoviePlayer
LogPluginManager: Mounting plugin WindowsMoviePlayer
LogStreaming: Display: Took  0.090s to configure plugins.
LogInit: Using libcurl 7.55.1-DEV
LogInit:  - built for x86_64-pc-win32
LogInit:  - supports SSL with OpenSSL/1.0.2h
LogInit:  - supports HTTP deflate (compression) using libz 1.2.8
LogInit:  - other features:
LogInit:      CURL_VERSION_SSL
LogInit:      CURL_VERSION_LIBZ
LogInit:      CURL_VERSION_IPV6
LogInit:      CURL_VERSION_ASYNCHDNS
LogInit:      CURL_VERSION_LARGEFILE
LogInit:      CURL_VERSION_IDN
LogInit:  CurlRequestOptions (configurable via config and command line):
LogInit:  - bVerifyPeer = true  - Libcurl will verify peer certificate
LogInit:  - bUseHttpProxy = false  - Libcurl will NOT use HTTP proxy
LogInit:  - bDontReuseConnections = false  - Libcurl will reuse connections
LogInit:  - MaxHostConnections = 16  - Libcurl will limit the number of connections to a host
LogInit:  - LocalHostAddr = Default
LogInit:  - BufferSize = 65536
LogInit: WinSock: version 1.1 (2.2), MaxSocks=32767, MaxUdp=65467
LogHMD: Failed initializing OVRPlugin 1.28.0
LogInit: Build: ++UE4+Release-4.21-CL-4753647
LogInit: Engine Version: 4.21.2-4753647+++UE4+Release-4.21
LogInit: Compatible Engine Version: 4.21.0-4541578+++UE4+Release-4.21
LogInit: Net CL: 4541578
LogInit: OS: Windows 10 (), CPU: Intel(R) Core(TM) i7-6700 CPU @ 3.40GHz, GPU: NVIDIA GeForce GTX 980 Ti
LogInit: Compiled (64-bit): Jan 19 2019 02:07:31
LogInit: Compiled with Visual C++: 19.13.26129.00
LogInit: Build Configuration: Development
LogInit: Branch Name: ++UE4+Release-4.21
LogInit: Command Line: 
LogInit: Base Directory: C:/Program Files/Epic Games/UE_4.21/Engine/Binaries/Win64/
LogInit: Installed Engine Build: 1
LogDevObjectVersion: Number of dev versions registered: 22
LogDevObjectVersion:   Dev-Blueprints (B0D832E4-1F89-4F0D-ACCF-7EB736FD4AA2): 10
LogDevObjectVersion:   Dev-Build (E1C64328-A22C-4D53-A36C-8E866417BD8C): 0
LogDevObjectVersion:   Dev-Core (375EC13C-06E4-48FB-B500-84F0262A717E): 2
LogDevObjectVersion:   Dev-Editor (E4B068ED-F494-42E9-A231-DA0B2E46BB41): 26
LogDevObjectVersion:   Dev-Framework (CFFC743F-43B0-4480-9391-14DF171D2073): 34
LogDevObjectVersion:   Dev-Mobile (B02B49B5-BB20-44E9-A304-32B752E40360): 2
LogDevObjectVersion:   Dev-Networking (A4E4105C-59A1-49B5-A7C5-40C4547EDFEE): 0
LogDevObjectVersion:   Dev-Online (39C831C9-5AE6-47DC-9A44-9C173E1C8E7C): 0
LogDevObjectVersion:   Dev-Physics (78F01B33-EBEA-4F98-B9B4-84EACCB95AA2): 0
LogDevObjectVersion:   Dev-Platform (6631380F-2D4D-43E0-8009-CF276956A95A): 0
LogDevObjectVersion:   Dev-Rendering (12F88B9F-8875-4AFC-A67C-D90C383ABD29): 27
LogDevObjectVersion:   Dev-Sequencer (7B5AE74C-D270-4C10-A958-57980B212A5A): 9
LogDevObjectVersion:   Dev-VR (D7296918-1DD6-4BDD-9DE2-64A83CC13884): 2
LogDevObjectVersion:   Dev-LoadTimes (C2A15278-BFE7-4AFE-6C17-90FF531DF755): 1
LogDevObjectVersion:   Private-Geometry (6EACA3D4-40EC-4CC1-B786-8BED09428FC5): 3
LogDevObjectVersion:   Dev-AnimPhys (29E575DD-E0A3-4627-9D10-D276232CDCEA): 17
LogDevObjectVersion:   Dev-Anim (AF43A65D-7FD3-4947-9873-3E8ED9C1BB05): 2
LogDevObjectVersion:   Dev-ReflectionCapture (6B266CEC-1EC7-4B8F-A30B-E4D90942FC07): 1
LogDevObjectVersion:   Dev-Automation (0DF73D61-A23F-47EA-B727-89E90C41499A): 1
LogDevObjectVersion:   FortniteMain (601D1886-AC64-4F84-AA16-D3DE0DEAC7D6): 17
LogDevObjectVersion:   Dev-Enterprise (9DFFBCD6-494F-0158-E221-12823C92A888): 4
LogDevObjectVersion:   Dev-Niagara (F2AED0AC-9AFE-416F-8664-AA7FFA26D6FC): 1
LogStreaming: Display: Took  0.006s to delete old logs.
LogInit: Presizing for max 8388607 objects, including 0 objects not considered by GC, pre-allocating 0 bytes for permanent pool.
LogInit: Object subsystem initialized
LogConfig: Setting CVar [[con.DebugEarlyDefault:1]]
LogConfig: Setting CVar [[r.setres:1280x720]]
[2019.04.03-07.21.36:418][  0]LogConfig: Setting CVar [[r.VSync:0]]
[2019.04.03-07.21.36:418][  0]LogConfig: Setting CVar [[r.RHICmdBypass:0]]
[2019.04.03-07.21.36:418][  0]LogConfig: Applying CVar settings from Section [/Script/Engine.RendererSettings] File [C:/Users/Urban/Documents/GitHub/GENESIS-VR/GENESIS/Saved/Config/Windows/Engine.ini]
[2019.04.03-07.21.36:418][  0]LogConfig: Setting CVar [[r.GPUCrashDebugging:0]]
[2019.04.03-07.21.36:418][  0]LogConfig: Applying CVar settings from Section [/Script/Engine.RendererOverrideSettings] File [C:/Users/Urban/Documents/GitHub/GENESIS-VR/GENESIS/Saved/Config/Windows/Engine.ini]
[2019.04.03-07.21.36:418][  0]LogConfig: Applying CVar settings from Section [/Script/Engine.StreamingSettings] File [C:/Users/Urban/Documents/GitHub/GENESIS-VR/GENESIS/Saved/Config/Windows/Engine.ini]
[2019.04.03-07.21.36:418][  0]LogConfig: Setting CVar [[s.MinBulkDataSizeForAsyncLoading:131072]]
[2019.04.03-07.21.36:418][  0]LogConfig: Setting CVar [[s.AsyncLoadingThreadEnabled:0]]
[2019.04.03-07.21.36:418][  0]LogConfig: Setting CVar [[s.EventDrivenLoaderEnabled:1]]
[2019.04.03-07.21.36:418][  0]LogConfig: Setting CVar [[s.WarnIfTimeLimitExceeded:0]]
[2019.04.03-07.21.36:418][  0]LogConfig: Setting CVar [[s.TimeLimitExceededMultiplier:1.5]]
[2019.04.03-07.21.36:418][  0]LogConfig: Setting CVar [[s.TimeLimitExceededMinTime:0.005]]
[2019.04.03-07.21.36:418][  0]LogConfig: Setting CVar [[s.UseBackgroundLevelStreaming:1]]
[2019.04.03-07.21.36:418][  0]LogConfig: Setting CVar [[s.PriorityAsyncLoadingExtraTime:15.0]]
[2019.04.03-07.21.36:418][  0]LogConfig: Setting CVar [[s.LevelStreamingActorsUpdateTimeLimit:5.0]]
[2019.04.03-07.21.36:418][  0]LogConfig: Setting CVar [[s.PriorityLevelStreamingActorsUpdateExtraTime:5.0]]
[2019.04.03-07.21.36:418][  0]LogConfig: Setting CVar [[s.LevelStreamingComponentsRegistrationGranularity:10]]
[2019.04.03-07.21.36:419][  0]LogConfig: Setting CVar [[s.UnregisterComponentsTimeLimit:1.0]]
[2019.04.03-07.21.36:419][  0]LogConfig: Setting CVar [[s.LevelStreamingComponentsUnregistrationGranularity:5]]
[2019.04.03-07.21.36:419][  0]LogConfig: Applying CVar settings from Section [/Script/Engine.GarbageCollectionSettings] File [C:/Users/Urban/Documents/GitHub/GENESIS-VR/GENESIS/Saved/Config/Windows/Engine.ini]
[2019.04.03-07.21.36:419][  0]LogConfig: Setting CVar [[gc.MaxObjectsNotConsideredByGC:1]]
[2019.04.03-07.21.36:419][  0]LogConfig: Setting CVar [[gc.SizeOfPermanentObjectPool:0]]
[2019.04.03-07.21.36:419][  0]LogConfig: Setting CVar [[gc.FlushStreamingOnGC:0]]
[2019.04.03-07.21.36:419][  0]LogConfig: Setting CVar [[gc.NumRetriesBeforeForcingGC:10]]
[2019.04.03-07.21.36:419][  0]LogConfig: Setting CVar [[gc.AllowParallelGC:1]]
[2019.04.03-07.21.36:419][  0]LogConfig: Setting CVar [[gc.TimeBetweenPurgingPendingKillObjects:61.1]]
[2019.04.03-07.21.36:419][  0]LogConfig: Setting CVar [[gc.MaxObjectsInEditor:8388607]]
[2019.04.03-07.21.36:419][  0]LogConfig: Setting CVar [[gc.IncrementalBeginDestroyEnabled:1]]
[2019.04.03-07.21.36:419][  0]LogConfig: Setting CVar [[gc.CreateGCClusters:1]]
[2019.04.03-07.21.36:419][  0]LogConfig: Setting CVar [[gc.MergeGCClusters:0]]
[2019.04.03-07.21.36:419][  0]LogConfig: Setting CVar [[gc.MinGCClusterSize:5]]
[2019.04.03-07.21.36:419][  0]LogConfig: Setting CVar [[gc.ActorClusteringEnabled:0]]
[2019.04.03-07.21.36:419][  0]LogConfig: Setting CVar [[gc.BlueprintClusteringEnabled:0]]
[2019.04.03-07.21.36:419][  0]LogConfig: Setting CVar [[gc.UseDisregardForGCOnDedicatedServers:0]]
[2019.04.03-07.21.36:419][  0]LogConfig: Applying CVar settings from Section [/Script/Engine.NetworkSettings] File [C:/Users/Urban/Documents/GitHub/GENESIS-VR/GENESIS/Saved/Config/Windows/Engine.ini]
[2019.04.03-07.21.36:419][  0]LogConfig: Applying CVar settings from Section [/Script/UnrealEd.CookerSettings] File [C:/Users/Urban/Documents/GitHub/GENESIS-VR/GENESIS/Saved/Config/Windows/Engine.ini]
[2019.04.03-07.21.36:421][  0]LogConfig: Applying CVar settings from Section [ViewDistanceQuality@3] File [C:/Users/Urban/Documents/GitHub/GENESIS-VR/GENESIS/Saved/Config/Windows/Scalability.ini]
[2019.04.03-07.21.36:421][  0]LogConfig: Setting CVar [[r.SkeletalMeshLODBias:0]]
[2019.04.03-07.21.36:421][  0]LogConfig: Setting CVar [[r.ViewDistanceScale:1.0]]
[2019.04.03-07.21.36:421][  0]LogConfig: Applying CVar settings from Section [AntiAliasingQuality@3] File [C:/Users/Urban/Documents/GitHub/GENESIS-VR/GENESIS/Saved/Config/Windows/Scalability.ini]
[2019.04.03-07.21.36:421][  0]LogConfig: Setting CVar [[r.PostProcessAAQuality:3]]
[2019.04.03-07.21.36:421][  0]LogConfig: Applying CVar settings from Section [ShadowQuality@3] File [C:/Users/Urban/Documents/GitHub/GENESIS-VR/GENESIS/Saved/Config/Windows/Scalability.ini]
[2019.04.03-07.21.36:421][  0]LogConfig: Setting CVar [[r.LightFunctionQuality:1]]
[2019.04.03-07.21.36:421][  0]LogConfig: Setting CVar [[r.ShadowQuality:5]]
[2019.04.03-07.21.36:421][  0]LogConfig: Setting CVar [[r.Shadow.CSM.MaxCascades:10]]
[2019.04.03-07.21.36:421][  0]LogConfig: Setting CVar [[r.Shadow.MaxResolution:2048]]
[2019.04.03-07.21.36:421][  0]LogConfig: Setting CVar [[r.Shadow.MaxCSMResolution:2048]]
[2019.04.03-07.21.36:421][  0]LogConfig: Setting CVar [[r.Shadow.RadiusThreshold:0.01]]
[2019.04.03-07.21.36:421][  0]LogConfig: Setting CVar [[r.Shadow.DistanceScale:1.0]]
[2019.04.03-07.21.36:421][  0]LogConfig: Setting CVar [[r.Shadow.CSM.TransitionScale:1.0]]
[2019.04.03-07.21.36:421][  0]LogConfig: Setting CVar [[r.Shadow.PreShadowResolutionFactor:1.0]]
[2019.04.03-07.21.36:421][  0]LogConfig: Setting CVar [[r.DistanceFieldShadowing:1]]
[2019.04.03-07.21.36:421][  0]LogConfig: Setting CVar [[r.DistanceFieldAO:1]]
[2019.04.03-07.21.36:421][  0]LogConfig: Setting CVar [[r.AOQuality:2]]
[2019.04.03-07.21.36:421][  0]LogConfig: Setting CVar [[r.VolumetricFog:1]]
[2019.04.03-07.21.36:421][  0]LogConfig: Setting CVar [[r.VolumetricFog.GridPixelSize:8]]
[2019.04.03-07.21.36:421][  0]LogConfig: Setting CVar [[r.VolumetricFog.GridSizeZ:128]]
[2019.04.03-07.21.36:421][  0]LogConfig: Setting CVar [[r.VolumetricFog.HistoryMissSupersampleCount:4]]
[2019.04.03-07.21.36:421][  0]LogConfig: Setting CVar [[r.LightMaxDrawDistanceScale:1]]
[2019.04.03-07.21.36:421][  0]LogConfig: Setting CVar [[r.CapsuleShadows:1]]
[2019.04.03-07.21.36:421][  0]LogConfig: Applying CVar settings from Section [PostProcessQuality@3] File [C:/Users/Urban/Documents/GitHub/GENESIS-VR/GENESIS/Saved/Config/Windows/Scalability.ini]
[2019.04.03-07.21.36:421][  0]LogConfig: Setting CVar [[r.MotionBlurQuality:0]]
[2019.04.03-07.21.36:421][  0]LogConfig: Setting CVar [[r.AmbientOcclusionMipLevelFactor:0.4]]
[2019.04.03-07.21.36:421][  0]LogConfig: Setting CVar [[r.AmbientOcclusionMaxQuality:100]]
[2019.04.03-07.21.36:421][  0]LogConfig: Setting CVar [[r.AmbientOcclusionLevels:0]]
[2019.04.03-07.21.36:421][  0]LogConfig: Setting CVar [[r.AmbientOcclusionRadiusScale:1.0]]
[2019.04.03-07.21.36:421][  0]LogConfig: Setting CVar [[r.DepthOfFieldQuality:0]]
[2019.04.03-07.21.36:421][  0]LogConfig: Setting CVar [[r.RenderTargetPoolMin:400]]
[2019.04.03-07.21.36:421][  0]LogConfig: Setting CVar [[r.LensFlareQuality:0]]
[2019.04.03-07.21.36:421][  0]LogConfig: Setting CVar [[r.SceneColorFringeQuality:0]]
[2019.04.03-07.21.36:421][  0]LogConfig: Setting CVar [[r.EyeAdaptationQuality:2]]
[2019.04.03-07.21.36:421][  0]LogConfig: Setting CVar [[r.BloomQuality:1]]
[2019.04.03-07.21.36:421][  0]LogConfig: Setting CVar [[r.FastBlurThreshold:0]]
[2019.04.03-07.21.36:422][  0]LogConfig: Setting CVar [[r.Upscale.Quality:3]]
[2019.04.03-07.21.36:422][  0]LogConfig: Setting CVar [[r.Tonemapper.GrainQuantization:1]]
[2019.04.03-07.21.36:422][  0]LogConfig: Setting CVar [[r.LightShaftQuality:1]]
[2019.04.03-07.21.36:422][  0]LogConfig: Setting CVar [[r.Filter.SizeScale:1]]
[2019.04.03-07.21.36:422][  0]LogConfig: Setting CVar [[r.Tonemapper.Quality:5]]
[2019.04.03-07.21.36:422][  0]LogConfig: Setting CVar [[r.DOF.Gather.AccumulatorQuality:1        ; higher gathering accumulator quality]]
[2019.04.03-07.21.36:422][  0]LogConfig: Setting CVar [[r.DOF.Gather.PostfilterMethod:1          ; Median3x3 postfilering method]]
[2019.04.03-07.21.36:422][  0]LogConfig: Setting CVar [[r.DOF.Gather.EnableBokehSettings:0       ; no bokeh simulation when gathering]]
[2019.04.03-07.21.36:422][  0]LogConfig: Setting CVar [[r.DOF.Gather.RingCount:4                 ; medium number of samples when gathering]]
[2019.04.03-07.21.36:422][  0]LogConfig: Setting CVar [[r.DOF.Scatter.ForegroundCompositing:1    ; additive foreground scattering]]
[2019.04.03-07.21.36:422][  0]LogConfig: Setting CVar [[r.DOF.Scatter.BackgroundCompositing:2    ; additive background scattering]]
[2019.04.03-07.21.36:422][  0]LogConfig: Setting CVar [[r.DOF.Scatter.EnableBokehSettings:1      ; bokeh simulation when scattering]]
[2019.04.03-07.21.36:422][  0]LogConfig: Setting CVar [[r.DOF.Scatter.MaxSpriteRatio:0.1         ; only a maximum of 10% of scattered bokeh]]
[2019.04.03-07.21.36:422][  0]LogConfig: Setting CVar [[r.DOF.Recombine.Quality:1                ; cheap slight out of focus]]
[2019.04.03-07.21.36:422][  0]LogConfig: Setting CVar [[r.DOF.Recombine.EnableBokehSettings:0    ; no bokeh simulation on slight out of focus]]
[2019.04.03-07.21.36:422][  0]LogConfig: Setting CVar [[r.DOF.TemporalAAQuality:1                ; more stable temporal accumulation]]
[2019.04.03-07.21.36:422][  0]LogConfig: Setting CVar [[r.DOF.Kernel.MaxForegroundRadius:0.025]]
[2019.04.03-07.21.36:422][  0]LogConfig: Setting CVar [[r.DOF.Kernel.MaxBackgroundRadius:0.025]]
[2019.04.03-07.21.36:422][  0]LogConfig: Applying CVar settings from Section [TextureQuality@3] File [C:/Users/Urban/Documents/GitHub/GENESIS-VR/GENESIS/Saved/Config/Windows/Scalability.ini]
[2019.04.03-07.21.36:422][  0]LogConfig: Setting CVar [[r.Streaming.MipBias:0]]
[2019.04.03-07.21.36:422][  0]LogConfig: Setting CVar [[r.Streaming.AmortizeCPUToGPUCopy:0]]
[2019.04.03-07.21.36:422][  0]LogConfig: Setting CVar [[r.Streaming.MaxNumTexturesToStreamPerFrame:0]]
[2019.04.03-07.21.36:422][  0]LogConfig: Setting CVar [[r.Streaming.Boost:1]]
[2019.04.03-07.21.36:422][  0]LogConfig: Setting CVar [[r.MaxAnisotropy:8]]
[2019.04.03-07.21.36:422][  0]LogConfig: Setting CVar [[r.Streaming.LimitPoolSizeToVRAM:0]]
[2019.04.03-07.21.36:422][  0]LogConfig: Setting CVar [[r.Streaming.PoolSize:1000]]
[2019.04.03-07.21.36:422][  0]LogConfig: Setting CVar [[r.Streaming.MaxEffectiveScreenSize:0]]
[2019.04.03-07.21.36:422][  0]LogConfig: Applying CVar settings from Section [EffectsQuality@3] File [C:/Users/Urban/Documents/GitHub/GENESIS-VR/GENESIS/Saved/Config/Windows/Scalability.ini]
[2019.04.03-07.21.36:422][  0]LogConfig: Setting CVar [[r.TranslucencyLightingVolumeDim:4]]
[2019.04.03-07.21.36:422][  0]LogConfig: Setting CVar [[r.RefractionQuality:2]]
[2019.04.03-07.21.36:422][  0]LogConfig: Setting CVar [[r.SSR.Quality:0]]
[2019.04.03-07.21.36:422][  0]LogConfig: Setting CVar [[r.SceneColorFormat:2]]
[2019.04.03-07.21.36:422][  0]LogConfig: Setting CVar [[r.DetailMode:2]]
[2019.04.03-07.21.36:422][  0]LogConfig: Setting CVar [[r.TranslucencyVolumeBlur:0]]
[2019.04.03-07.21.36:422][  0]LogConfig: Setting CVar [[r.MaterialQualityLevel:1 ; High quality]]
[2019.04.03-07.21.36:422][  0]LogConfig: Setting CVar [[r.SSS.Scale:1]]
[2019.04.03-07.21.36:422][  0]LogConfig: Setting CVar [[r.SSS.SampleSet:2]]
[2019.04.03-07.21.36:422][  0]LogConfig: Setting CVar [[r.SSS.Quality:1]]
[2019.04.03-07.21.36:422][  0]LogConfig: Setting CVar [[r.SSS.HalfRes:1]]
[2019.04.03-07.21.36:422][  0]LogConfig: Setting CVar [[r.EmitterSpawnRateScale:1.0]]
[2019.04.03-07.21.36:422][  0]LogConfig: Setting CVar [[r.ParticleLightQuality:2]]
[2019.04.03-07.21.36:422][  0]LogConfig: Applying CVar settings from Section [FoliageQuality@3] File [C:/Users/Urban/Documents/GitHub/GENESIS-VR/GENESIS/Saved/Config/Windows/Scalability.ini]
[2019.04.03-07.21.36:422][  0]LogConfig: Setting CVar [[foliage.DensityScale:1.0]]
[2019.04.03-07.21.36:422][  0]LogConfig: Setting CVar [[grass.DensityScale:1.0]]
[2019.04.03-07.21.36:422][  0]LogInit: Selected Device Profile: [Windows]
[2019.04.03-07.21.36:422][  0]LogInit: Applying CVar settings loaded from the selected device profile: [Windows]
[2019.04.03-07.21.36:438][  0]LogHAL: Display: Platform has ~ 16 GB [17077735424 / 17179869184 / 16], which maps to Larger [LargestMinGB=32, LargerMinGB=12, DefaultMinGB=8, SmallerMinGB=6, SmallestMinGB=0)
[2019.04.03-07.21.36:438][  0]LogConfig: Setting CVar [[r.Vulkan.UseRealUBs:1]]
[2019.04.03-07.21.36:438][  0]LogInit: Going up to parent DeviceProfile []
[2019.04.03-07.21.36:438][  0]LogConfig: Applying CVar settings from Section [ViewDistanceQuality@3] File [C:/Users/Urban/Documents/GitHub/GENESIS-VR/GENESIS/Saved/Config/Windows/Scalability.ini]
[2019.04.03-07.21.36:438][  0]LogConfig: Setting CVar [[r.SkeletalMeshLODBias:0]]
[2019.04.03-07.21.36:438][  0]LogConfig: Setting CVar [[r.ViewDistanceScale:1.0]]
[2019.04.03-07.21.36:438][  0]LogConfig: Applying CVar settings from Section [AntiAliasingQuality@3] File [C:/Users/Urban/Documents/GitHub/GENESIS-VR/GENESIS/Saved/Config/Windows/Scalability.ini]
[2019.04.03-07.21.36:438][  0]LogConfig: Setting CVar [[r.PostProcessAAQuality:3]]
[2019.04.03-07.21.36:438][  0]LogConfig: Applying CVar settings from Section [ShadowQuality@3] File [C:/Users/Urban/Documents/GitHub/GENESIS-VR/GENESIS/Saved/Config/Windows/Scalability.ini]
[2019.04.03-07.21.36:438][  0]LogConfig: Setting CVar [[r.LightFunctionQuality:1]]
[2019.04.03-07.21.36:438][  0]LogConfig: Setting CVar [[r.ShadowQuality:5]]
[2019.04.03-07.21.36:438][  0]LogConfig: Setting CVar [[r.Shadow.CSM.MaxCascades:10]]
[2019.04.03-07.21.36:438][  0]LogConfig: Setting CVar [[r.Shadow.MaxResolution:2048]]
[2019.04.03-07.21.36:438][  0]LogConfig: Setting CVar [[r.Shadow.MaxCSMResolution:2048]]
[2019.04.03-07.21.36:438][  0]LogConfig: Setting CVar [[r.Shadow.RadiusThreshold:0.01]]
[2019.04.03-07.21.36:438][  0]LogConfig: Setting CVar [[r.Shadow.DistanceScale:1.0]]
[2019.04.03-07.21.36:438][  0]LogConfig: Setting CVar [[r.Shadow.CSM.TransitionScale:1.0]]
[2019.04.03-07.21.36:438][  0]LogConfig: Setting CVar [[r.Shadow.PreShadowResolutionFactor:1.0]]
[2019.04.03-07.21.36:438][  0]LogConfig: Setting CVar [[r.DistanceFieldShadowing:1]]
[2019.04.03-07.21.36:438][  0]LogConfig: Setting CVar [[r.DistanceFieldAO:1]]
[2019.04.03-07.21.36:438][  0]LogConfig: Setting CVar [[r.AOQuality:2]]
[2019.04.03-07.21.36:438][  0]LogConfig: Setting CVar [[r.VolumetricFog:1]]
[2019.04.03-07.21.36:438][  0]LogConfig: Setting CVar [[r.VolumetricFog.GridPixelSize:8]]
[2019.04.03-07.21.36:438][  0]LogConfig: Setting CVar [[r.VolumetricFog.GridSizeZ:128]]
[2019.04.03-07.21.36:438][  0]LogConfig: Setting CVar [[r.VolumetricFog.HistoryMissSupersampleCount:4]]
[2019.04.03-07.21.36:438][  0]LogConfig: Setting CVar [[r.LightMaxDrawDistanceScale:1]]
[2019.04.03-07.21.36:438][  0]LogConfig: Setting CVar [[r.CapsuleShadows:1]]
[2019.04.03-07.21.36:438][  0]LogConfig: Applying CVar settings from Section [PostProcessQuality@3] File [C:/Users/Urban/Documents/GitHub/GENESIS-VR/GENESIS/Saved/Config/Windows/Scalability.ini]
[2019.04.03-07.21.36:438][  0]LogConfig: Setting CVar [[r.MotionBlurQuality:0]]
[2019.04.03-07.21.36:438][  0]LogConfig: Setting CVar [[r.AmbientOcclusionMipLevelFactor:0.4]]
[2019.04.03-07.21.36:438][  0]LogConfig: Setting CVar [[r.AmbientOcclusionMaxQuality:100]]
[2019.04.03-07.21.36:438][  0]LogConfig: Setting CVar [[r.AmbientOcclusionLevels:0]]
[2019.04.03-07.21.36:438][  0]LogConfig: Setting CVar [[r.AmbientOcclusionRadiusScale:1.0]]
[2019.04.03-07.21.36:438][  0]LogConfig: Setting CVar [[r.DepthOfFieldQuality:0]]
[2019.04.03-07.21.36:438][  0]LogConfig: Setting CVar [[r.RenderTargetPoolMin:400]]
[2019.04.03-07.21.36:438][  0]LogConfig: Setting CVar [[r.LensFlareQuality:0]]
[2019.04.03-07.21.36:438][  0]LogConfig: Setting CVar [[r.SceneColorFringeQuality:0]]
[2019.04.03-07.21.36:438][  0]LogConfig: Setting CVar [[r.EyeAdaptationQuality:2]]
[2019.04.03-07.21.36:438][  0]LogConfig: Setting CVar [[r.BloomQuality:1]]
[2019.04.03-07.21.36:438][  0]LogConfig: Setting CVar [[r.FastBlurThreshold:0]]
[2019.04.03-07.21.36:438][  0]LogConfig: Setting CVar [[r.Upscale.Quality:3]]
[2019.04.03-07.21.36:438][  0]LogConfig: Setting CVar [[r.Tonemapper.GrainQuantization:1]]
[2019.04.03-07.21.36:438][  0]LogConfig: Setting CVar [[r.LightShaftQuality:1]]
[2019.04.03-07.21.36:439][  0]LogConfig: Setting CVar [[r.Filter.SizeScale:1]]
[2019.04.03-07.21.36:439][  0]LogConfig: Setting CVar [[r.Tonemapper.Quality:5]]
[2019.04.03-07.21.36:439][  0]LogConfig: Setting CVar [[r.DOF.Gather.AccumulatorQuality:1        ; higher gathering accumulator quality]]
[2019.04.03-07.21.36:439][  0]LogConfig: Setting CVar [[r.DOF.Gather.PostfilterMethod:1          ; Median3x3 postfilering method]]
[2019.04.03-07.21.36:439][  0]LogConfig: Setting CVar [[r.DOF.Gather.EnableBokehSettings:0       ; no bokeh simulation when gathering]]
[2019.04.03-07.21.36:439][  0]LogConfig: Setting CVar [[r.DOF.Gather.RingCount:4                 ; medium number of samples when gathering]]
[2019.04.03-07.21.36:439][  0]LogConfig: Setting CVar [[r.DOF.Scatter.ForegroundCompositing:1    ; additive foreground scattering]]
[2019.04.03-07.21.36:439][  0]LogConfig: Setting CVar [[r.DOF.Scatter.BackgroundCompositing:2    ; additive background scattering]]
[2019.04.03-07.21.36:439][  0]LogConfig: Setting CVar [[r.DOF.Scatter.EnableBokehSettings:1      ; bokeh simulation when scattering]]
[2019.04.03-07.21.36:439][  0]LogConfig: Setting CVar [[r.DOF.Scatter.MaxSpriteRatio:0.1         ; only a maximum of 10% of scattered bokeh]]
[2019.04.03-07.21.36:439][  0]LogConfig: Setting CVar [[r.DOF.Recombine.Quality:1                ; cheap slight out of focus]]
[2019.04.03-07.21.36:439][  0]LogConfig: Setting CVar [[r.DOF.Recombine.EnableBokehSettings:0    ; no bokeh simulation on slight out of focus]]
[2019.04.03-07.21.36:439][  0]LogConfig: Setting CVar [[r.DOF.TemporalAAQuality:1                ; more stable temporal accumulation]]
[2019.04.03-07.21.36:439][  0]LogConfig: Setting CVar [[r.DOF.Kernel.MaxForegroundRadius:0.025]]
[2019.04.03-07.21.36:439][  0]LogConfig: Setting CVar [[r.DOF.Kernel.MaxBackgroundRadius:0.025]]
[2019.04.03-07.21.36:439][  0]LogConfig: Applying CVar settings from Section [TextureQuality@3] File [C:/Users/Urban/Documents/GitHub/GENESIS-VR/GENESIS/Saved/Config/Windows/Scalability.ini]
[2019.04.03-07.21.36:439][  0]LogConfig: Setting CVar [[r.Streaming.MipBias:0]]
[2019.04.03-07.21.36:439][  0]LogConfig: Setting CVar [[r.Streaming.AmortizeCPUToGPUCopy:0]]
[2019.04.03-07.21.36:439][  0]LogConfig: Setting CVar [[r.Streaming.MaxNumTexturesToStreamPerFrame:0]]
[2019.04.03-07.21.36:439][  0]LogConfig: Setting CVar [[r.Streaming.Boost:1]]
[2019.04.03-07.21.36:439][  0]LogConfig: Setting CVar [[r.MaxAnisotropy:8]]
[2019.04.03-07.21.36:439][  0]LogConfig: Setting CVar [[r.Streaming.LimitPoolSizeToVRAM:0]]
[2019.04.03-07.21.36:439][  0]LogConfig: Setting CVar [[r.Streaming.PoolSize:1000]]
[2019.04.03-07.21.36:439][  0]LogConfig: Setting CVar [[r.Streaming.MaxEffectiveScreenSize:0]]
[2019.04.03-07.21.36:439][  0]LogConfig: Applying CVar settings from Section [EffectsQuality@3] File [C:/Users/Urban/Documents/GitHub/GENESIS-VR/GENESIS/Saved/Config/Windows/Scalability.ini]
[2019.04.03-07.21.36:439][  0]LogConfig: Setting CVar [[r.TranslucencyLightingVolumeDim:4]]
[2019.04.03-07.21.36:439][  0]LogConfig: Setting CVar [[r.RefractionQuality:2]]
[2019.04.03-07.21.36:439][  0]LogConfig: Setting CVar [[r.SSR.Quality:0]]
[2019.04.03-07.21.36:439][  0]LogConfig: Setting CVar [[r.SceneColorFormat:2]]
[2019.04.03-07.21.36:439][  0]LogConfig: Setting CVar [[r.DetailMode:2]]
[2019.04.03-07.21.36:439][  0]LogConfig: Setting CVar [[r.TranslucencyVolumeBlur:0]]
[2019.04.03-07.21.36:439][  0]LogConfig: Setting CVar [[r.MaterialQualityLevel:1 ; High quality]]
[2019.04.03-07.21.36:439][  0]LogConfig: Setting CVar [[r.SSS.Scale:1]]
[2019.04.03-07.21.36:439][  0]LogConfig: Setting CVar [[r.SSS.SampleSet:2]]
[2019.04.03-07.21.36:439][  0]LogConfig: Setting CVar [[r.SSS.Quality:1]]
[2019.04.03-07.21.36:439][  0]LogConfig: Setting CVar [[r.SSS.HalfRes:1]]
[2019.04.03-07.21.36:439][  0]LogConfig: Setting CVar [[r.EmitterSpawnRateScale:1.0]]
[2019.04.03-07.21.36:439][  0]LogConfig: Setting CVar [[r.ParticleLightQuality:2]]
[2019.04.03-07.21.36:439][  0]LogConfig: Applying CVar settings from Section [FoliageQuality@3] File [C:/Users/Urban/Documents/GitHub/GENESIS-VR/GENESIS/Saved/Config/Windows/Scalability.ini]
[2019.04.03-07.21.36:439][  0]LogConfig: Setting CVar [[foliage.DensityScale:1.0]]
[2019.04.03-07.21.36:439][  0]LogConfig: Setting CVar [[grass.DensityScale:1.0]]
[2019.04.03-07.21.36:439][  0]LogConfig: Applying CVar settings from Section [Startup] File [../../../Engine/Config/ConsoleVariables.ini]
[2019.04.03-07.21.36:439][  0]LogConfig: Setting CVar [[net.UseAdaptiveNetUpdateFrequency:0]]
[2019.04.03-07.21.36:440][  0]LogConfig: Applying CVar settings from Section [ConsoleVariables] File [C:/Users/Urban/Documents/GitHub/GENESIS-VR/GENESIS/Saved/Config/Windows/Engine.ini]
[2019.04.03-07.21.36:440][  0]LogInit: Computer: DESKTOP-2SUL04T
[2019.04.03-07.21.36:440][  0]LogInit: User: Urban
[2019.04.03-07.21.36:440][  0]LogInit: CPU Page size=4096, Cores=4
[2019.04.03-07.21.36:440][  0]LogInit: High frequency timer resolution =10.000000 MHz
[2019.04.03-07.21.36:440][  0]LogMemory: Memory total: Physical=15.9GB (16GB approx)
[2019.04.03-07.21.36:440][  0]LogMemory: Platform Memory Stats for Windows
[2019.04.03-07.21.36:440][  0]LogMemory: Process Physical Memory: 106.36 MB used, 106.37 MB peak
[2019.04.03-07.21.36:440][  0]LogMemory: Process Virtual Memory: 89.56 MB used, 89.56 MB peak
[2019.04.03-07.21.36:440][  0]LogMemory: Physical Memory: 5610.46 MB used,  10676.14 MB free, 16286.60 MB total
[2019.04.03-07.21.36:440][  0]LogMemory: Virtual Memory: 4665.74 MB used,  134213064.00 MB free, 134217728.00 MB total
[2019.04.03-07.21.36:456][  0]LogInit: Using OS detected language (en-US).
[2019.04.03-07.21.36:456][  0]LogInit: Using OS detected locale (en-US).
[2019.04.03-07.21.36:456][  0]LogTextLocalizationManager: No specific localization for 'en-US' exists, so the 'en' localization will be used.
[2019.04.03-07.21.36:853][  0]LogStreaming: Display: Took  0.397s to InitEngineTextLocalization.
[2019.04.03-07.21.36:853][  0]LogInit: Setting process to per monitor DPI aware
[2019.04.03-07.21.36:890][  0]LogSlate: New Slate User Created.  User Index 0, Is Virtual User: 0
[2019.04.03-07.21.36:890][  0]LogSlate: Slate User Registered.  User Index 0, Is Virtual User: 0
[2019.04.03-07.21.37:091][  0]LogHMD: Failed to initialize OpenVR with code 300
[2019.04.03-07.21.37:091][  0]LogD3D11RHI: D3D11 adapters:
[2019.04.03-07.21.37:148][  0]LogD3D11RHI:    0. 'NVIDIA GeForce GTX 980 Ti' (Feature Level 11_0)
[2019.04.03-07.21.37:148][  0]LogD3D11RHI:       6097/0/8143 MB DedicatedVideo/DedicatedSystem/SharedSystem, Outputs:1, VendorId:0x10de
[2019.04.03-07.21.37:154][  0]LogD3D11RHI:    1. 'Intel(R) HD Graphics 530' (Feature Level 11_0)
[2019.04.03-07.21.37:154][  0]LogD3D11RHI:       128/0/8143 MB DedicatedVideo/DedicatedSystem/SharedSystem, Outputs:0, VendorId:0x8086
[2019.04.03-07.21.37:156][  0]LogD3D11RHI:    2. 'Microsoft Basic Render Driver' (Feature Level 11_0)
[2019.04.03-07.21.37:156][  0]LogD3D11RHI:       0/0/8143 MB DedicatedVideo/DedicatedSystem/SharedSystem, Outputs:0, VendorId:0x1414
[2019.04.03-07.21.37:158][  0]LogD3D11RHI:    3. 'Microsoft Basic Render Driver' (Feature Level 11_0)
[2019.04.03-07.21.37:158][  0]LogD3D11RHI:       0/0/8143 MB DedicatedVideo/DedicatedSystem/SharedSystem, Outputs:0, VendorId:0x1414
[2019.04.03-07.21.37:158][  0]LogD3D11RHI: Chosen D3D11 Adapter: 0
[2019.04.03-07.21.37:165][  0]LogD3D11RHI: Creating new Direct3DDevice
[2019.04.03-07.21.37:165][  0]LogD3D11RHI:     GPU DeviceId: 0x17c8 (for the marketing name, search the web for "GPU Device Id")
[2019.04.03-07.21.37:165][  0]LogWindows: EnumDisplayDevices:
[2019.04.03-07.21.37:165][  0]LogWindows:    0. 'Intel(R) HD Graphics 530' (P:0 D:0)
[2019.04.03-07.21.37:166][  0]LogWindows:    1. 'Intel(R) HD Graphics 530' (P:0 D:0)
[2019.04.03-07.21.37:166][  0]LogWindows:    2. 'Intel(R) HD Graphics 530' (P:0 D:0)
[2019.04.03-07.21.37:166][  0]LogWindows:    3. 'NVIDIA GeForce GTX 980 Ti' (P:1 D:1)
[2019.04.03-07.21.37:166][  0]LogWindows:    4. 'NVIDIA GeForce GTX 980 Ti' (P:0 D:0)
[2019.04.03-07.21.37:167][  0]LogWindows:    5. 'NVIDIA GeForce GTX 980 Ti' (P:0 D:0)
[2019.04.03-07.21.37:167][  0]LogWindows:    6. 'NVIDIA GeForce GTX 980 Ti' (P:0 D:0)
[2019.04.03-07.21.37:167][  0]LogWindows:    7. 'spacedesk Graphics Adapter' (P:0 D:0)
[2019.04.03-07.21.37:167][  0]LogWindows:    8. 'spacedesk Graphics Adapter' (P:0 D:0)
[2019.04.03-07.21.37:167][  0]LogWindows:    9. 'spacedesk Graphics Adapter' (P:0 D:0)
[2019.04.03-07.21.37:168][  0]LogWindows: DebugString: PrimaryIsNotTheChoosenAdapter PrimaryIsNotTheChoosenAdapter PrimaryIsNotTheChoosenAdapter GetVideoDriverDetailsInvalid PrimaryIsNotTheChoosenAdapter GetVideoDriverDetailsInvalid PrimaryIsNotTheChoosenAdapter GetVideoDriverDetailsInvalid PrimaryIsNotTheChoosenAdapter FoundDriverCount:4 
[2019.04.03-07.21.37:168][  0]LogD3D11RHI:     Adapter Name: NVIDIA GeForce GTX 980 Ti
[2019.04.03-07.21.37:168][  0]LogD3D11RHI:   Driver Version: 419.67 (internal:25.21.14.1967, unified:419.67)
[2019.04.03-07.21.37:168][  0]LogD3D11RHI:      Driver Date: 3-17-2019
[2019.04.03-07.21.37:168][  0]LogRHI: Texture pool is 4268 MB (70% of 6097 MB)
[2019.04.03-07.21.37:206][  0]LogD3D11RHI: Async texture creation enabled
[2019.04.03-07.21.37:221][  0]LogD3D11RHI: GPU Timing Frequency: 1000.000000 (Debug: 2 1)
[2019.04.03-07.21.37:543][  0]LogTemp: Display: Loaded TP AllDesktopTargetPlatform
[2019.04.03-07.21.37:554][  0]LogTemp: Display: Loaded TP MacClientTargetPlatform
[2019.04.03-07.21.37:566][  0]LogTemp: Display: Loaded TP MacNoEditorTargetPlatform
[2019.04.03-07.21.37:577][  0]LogTemp: Display: Loaded TP MacServerTargetPlatform
[2019.04.03-07.21.37:589][  0]LogTemp: Display: Loaded TP MacTargetPlatform
[2019.04.03-07.21.37:600][  0]LogTemp: Display: Loaded TP WindowsClientTargetPlatform
[2019.04.03-07.21.37:612][  0]LogTemp: Display: Loaded TP WindowsNoEditorTargetPlatform
[2019.04.03-07.21.37:623][  0]LogTemp: Display: Loaded TP WindowsServerTargetPlatform
[2019.04.03-07.21.37:629][  0]LogTemp: Display: Loaded TP WindowsTargetPlatform
[2019.04.03-07.21.37:696][  0]LogTemp: Display: Loaded TP AndroidTargetPlatform
[2019.04.03-07.21.37:696][  0]LogTemp: Display: Loaded TP AndroidTargetPlatform
[2019.04.03-07.21.37:696][  0]LogTemp: Display: Loaded TP AndroidTargetPlatform
[2019.04.03-07.21.37:696][  0]LogTemp: Display: Loaded TP AndroidTargetPlatform
[2019.04.03-07.21.37:696][  0]LogTemp: Display: Loaded TP AndroidTargetPlatform
[2019.04.03-07.21.37:696][  0]LogTemp: Display: Loaded TP AndroidTargetPlatform
[2019.04.03-07.21.37:696][  0]LogTemp: Display: Loaded TP AndroidTargetPlatform
[2019.04.03-07.21.37:696][  0]LogTemp: Display: Loaded TP AndroidTargetPlatform
[2019.04.03-07.21.37:696][  0]LogTemp: Display: Loaded TP AndroidTargetPlatform
[2019.04.03-07.21.37:696][  0]LogTemp: Display: Loaded TP AndroidTargetPlatform
[2019.04.03-07.21.37:696][  0]LogTemp: Display: Loaded TP AndroidTargetPlatform
[2019.04.03-07.21.37:696][  0]LogTemp: Display: Loaded TP AndroidTargetPlatform
[2019.04.03-07.21.37:696][  0]LogTemp: Display: Loaded TP AndroidTargetPlatform
[2019.04.03-07.21.37:696][  0]LogTemp: Display: Loaded TP AndroidTargetPlatform
[2019.04.03-07.21.37:696][  0]LogTemp: Display: Loaded TP AndroidTargetPlatform
[2019.04.03-07.21.37:696][  0]LogTemp: Display: Loaded TP AndroidTargetPlatform
[2019.04.03-07.21.37:696][  0]LogTemp: Display: Loaded TP AndroidTargetPlatform
[2019.04.03-07.21.37:696][  0]LogTemp: Display: Loaded TP AndroidTargetPlatform
[2019.04.03-07.21.37:698][  0]LogTemp: Display: Loaded TP HTML5TargetPlatform
[2019.04.03-07.21.37:753][  0]LogTemp: Display: Loaded TP IOSTargetPlatform
[2019.04.03-07.21.37:753][  0]LogTemp: Display: Loaded TP IOSTargetPlatform
[2019.04.03-07.21.37:775][  0]LogTemp: Display: Loaded TP TVOSTargetPlatform
[2019.04.03-07.21.37:775][  0]LogTemp: Display: Loaded TP TVOSTargetPlatform
[2019.04.03-07.21.37:786][  0]LogTemp: Display: Loaded TP LinuxClientTargetPlatform
[2019.04.03-07.21.37:796][  0]LogTemp: Display: Loaded TP LinuxNoEditorTargetPlatform
[2019.04.03-07.21.37:806][  0]LogTemp: Display: Loaded TP LinuxServerTargetPlatform
[2019.04.03-07.21.37:818][  0]LogTemp: Display: Loaded TP LinuxTargetPlatform
[2019.04.03-07.21.37:856][  0]LogTemp: Display: Loaded TP LuminTargetPlatform
[2019.04.03-07.21.37:856][  0]LogTemp: Display: Loaded TP LuminTargetPlatform
[2019.04.03-07.21.37:856][  0]LogTargetPlatformManager: Display: Building Assets For Windows
[2019.04.03-07.21.37:896][  0]LogShaderCompilers: Guid format shader working directory is -20 characters bigger than the processId version (../../../../../../Users/Urban/Documents/GitHub/GENESIS-VR/GENESIS/Intermediate/Shaders/WorkingDirectory/21688/).
[2019.04.03-07.21.37:896][  0]LogShaderCompilers: Cleaned the shader compiler working directory 'C:/Users/Urban/AppData/Local/Temp/UnrealShaderWorkingDir/0B0AEC7D48049506E0118C8077B4451F/'.
[2019.04.03-07.21.37:897][  0]LogXGEController: Cannot use XGE Controller as Incredibuild is not installed on this machine.
[2019.04.03-07.21.37:897][  0]LogShaderCompilers: Cannot use XGE Shader Compiler as Incredibuild is not installed on this machine.
[2019.04.03-07.21.37:897][  0]LogShaderCompilers: Display: Using Local Shader Compiler.
[2019.04.03-07.21.38:390][  0]LogDerivedDataCache: Display: Max Cache Size: 512 MB
[2019.04.03-07.21.38:446][  0]LogDerivedDataCache: Loaded boot cache 0.06s 71MB C:/Users/Urban/AppData/Local/UnrealEngine/4.21/DerivedDataCache/Boot.ddc.
[2019.04.03-07.21.38:446][  0]LogDerivedDataCache: Display: Loaded Boot cache: C:/Users/Urban/AppData/Local/UnrealEngine/4.21/DerivedDataCache/Boot.ddc
[2019.04.03-07.21.38:447][  0]LogDerivedDataCache: FDerivedDataBackendGraph:  Pak pak cache file ../../../../../../Users/Urban/Documents/GitHub/GENESIS-VR/GENESIS/DerivedDataCache/DDC.ddp not found, will not use a pak cache.
[2019.04.03-07.21.38:447][  0]LogDerivedDataCache: Unable to find inner node Pak for hierarchical cache Hierarchy.
[2019.04.03-07.21.38:447][  0]LogDerivedDataCache: FDerivedDataBackendGraph:  CompressedPak pak cache file ../../../../../../Users/Urban/Documents/GitHub/GENESIS-VR/GENESIS/DerivedDataCache/Compressed.ddp not found, will not use a pak cache.
[2019.04.03-07.21.38:447][  0]LogDerivedDataCache: Unable to find inner node CompressedPak for hierarchical cache Hierarchy.
[2019.04.03-07.21.38:462][  0]LogDerivedDataCache: Display: Pak cache opened for reading ../../../Engine/DerivedDataCache/Compressed.ddp.
[2019.04.03-07.21.38:462][  0]LogDerivedDataCache: FDerivedDataBackendGraph:  EnterprisePak pak cache file ../../../Enterprise/DerivedDataCache/Compressed.ddp not found, will not use a pak cache.
[2019.04.03-07.21.38:462][  0]LogDerivedDataCache: Unable to find inner node EnterprisePak for hierarchical cache Hierarchy.
[2019.04.03-07.21.38:474][  0]LogDerivedDataCache: Using Local data cache path C:/Users/Urban/AppData/Local/UnrealEngine/Common/DerivedDataCache: Writable
[2019.04.03-07.21.38:474][  0]LogDerivedDataCache: Shared data cache path not found in *engine.ini, will not use an Shared cache.
[2019.04.03-07.21.38:474][  0]LogDerivedDataCache: Unable to find inner node Shared for hierarchical cache Hierarchy.
[2019.04.03-07.21.38:496][  0]LogMaterial: Verifying Global Shaders for PCD3D_SM5
[2019.04.03-07.21.38:497][  0]LogSlate: Using FreeType 2.6.0
[2019.04.03-07.21.38:497][  0]LogSlate: SlateFontServices - WITH_FREETYPE: 1, WITH_HARFBUZZ: 1
[2019.04.03-07.21.38:578][  0]LogAssetRegistry: FAssetRegistry took 0.0323 seconds to start up
[2019.04.03-07.21.38:879][  0]LogInit: Selected Device Profile: [Windows]
[2019.04.03-07.21.39:019][  0]LogSimplygon: Simplygon DLL not present - disabling.
[2019.04.03-07.21.39:021][  0]LogMeshReduction: Using SimplygonSwarm for distributed automatic mesh merging
[2019.04.03-07.21.39:021][  0]LogMeshReduction: Using ProxyLODMeshReduction for automatic mesh merging
[2019.04.03-07.21.39:021][  0]LogMeshReduction: Using QuadricMeshReduction for automatic static mesh reduction
[2019.04.03-07.21.39:021][  0]LogMeshReduction: No automatic skeletal mesh reduction module available
[2019.04.03-07.21.39:033][  0]LogNetVersion: GENESIS 1.0.0, NetCL: 4541578, EngineNetVer: 5, GameNetVer: 0 (Checksum: 558542273)
[2019.04.03-07.21.39:520][  0]LogPackageLocalizationCache: Processed 11 localized package path(s) for 2 prioritized culture(s) in 0.096592 seconds
[2019.04.03-07.21.39:526][  0]LogUObjectArray: 39775 objects as part of root set at end of initial load.
[2019.04.03-07.21.39:526][  0]LogUObjectAllocator: 6914656 out of 0 bytes used by permanent object pool.
[2019.04.03-07.21.39:526][  0]LogUObjectArray: CloseDisregardForGC: 0/0 objects in disregard for GC pool
[2019.04.03-07.21.40:277][  0]LogTcpMessaging: Initializing TcpMessaging bridge
[2019.04.03-07.21.40:290][  0]LogUdpMessaging: Initializing bridge on interface 0.0.0.0:0 to multicast group 230.0.0.1:6666.
[2019.04.03-07.21.40:904][  0]SourceControl: Source control is disabled
[2019.04.03-07.21.41:759][  0]LogAndroidPermission: UAndroidPermissionCallbackProxy::GetInstance
[2019.04.03-07.21.41:859][  0]LogOcInput: OculusInput pre-init called
[2019.04.03-07.21.41:993][  0]LogEngine: Initializing Engine...
[2019.04.03-07.21.42:029][  0]LogHMD: Failed to initialize OpenVR with code 300
[2019.04.03-07.21.42:031][  0]LogStats: UGameplayTagsManager::ConstructGameplayTagTree: ImportINI prefixes -  0.000 s
[2019.04.03-07.21.42:031][  0]LogStats: UGameplayTagsManager::ConstructGameplayTagTree: Construct from data asset -  0.000 s
[2019.04.03-07.21.42:031][  0]LogStats: UGameplayTagsManager::ConstructGameplayTagTree: ImportINI -  0.000 s
[2019.04.03-07.21.42:031][  0]LogStats: UGameplayTagsManager::ConstructGameplayTagTree: GameplayTagTreeChangedEvent.Broadcast -  0.000 s
[2019.04.03-07.21.42:252][  0]LogInit: Initializing FReadOnlyCVARCache
[2019.04.03-07.21.42:262][  0]LogAIModule: Creating AISystem for world Untitled
[2019.04.03-07.21.42:305][  0]LogInit: XAudio2 using 'MEUSPTV14 (NVIDIA High Definition Audio)' : 2 channels at 48 kHz using 16 bits per sample (channel mask 0x3)
[2019.04.03-07.21.42:351][  0]LogInit: FAudioDevice initialized.
[2019.04.03-07.21.42:351][  0]LogNetVersion: Set ProjectVersion to 1.0.0.0. Version Checksum will be recalculated on next use.
[2019.04.03-07.21.42:408][  0]LogDerivedDataCache: Saved boot cache 0.06s 71MB C:/Users/Urban/AppData/Local/UnrealEngine/4.21/DerivedDataCache/Boot.ddc.
[2019.04.03-07.21.42:418][  0]LogInit: Texture streaming: Enabled
[2019.04.03-07.21.42:431][  0]LogEngineSessionManager: EngineSessionManager initialized
[2019.04.03-07.21.42:442][  0]LogInit: Transaction tracking system initialized
[2019.04.03-07.21.42:457][  0]BlueprintLog: New page: Editor Load
[2019.04.03-07.21.42:504][  0]LocalizationService: Localization service is disabled
[2019.04.03-07.21.42:725][  0]LogLinker: Warning: Can't find file '/Game/ThirdPersonBP/ThirdPersonOverview'
[2019.04.03-07.21.42:725][  0]LogLinker: Warning: Can't find file '/Game/ThirdPersonBP/ThirdPersonOverview'
[2019.04.03-07.21.42:725][  0]LogUObjectGlobals: Warning: Failed to find object 'Class /Game/ThirdPersonBP/ThirdPersonOverview.ThirdPersonOverview_C'
[2019.04.03-07.21.42:905][  0]LogCook: Display: Max memory allowance for cook 16384mb min free memory 0mb
[2019.04.03-07.21.42:905][  0]LogCook: Display: Mobile HDR setting 1
[2019.04.03-07.21.42:905][  0]LogGameplayTags: Display: UGameplayTagsManager::DoneAddingNativeTags. DelegateIsBound: 0
[2019.04.03-07.21.42:905][  0]LogStats: UGameplayTagsManager::ConstructGameplayTagTree: ImportINI prefixes -  0.000 s
[2019.04.03-07.21.42:905][  0]LogStats: UGameplayTagsManager::ConstructGameplayTagTree: Construct from data asset -  0.000 s
[2019.04.03-07.21.42:905][  0]LogStats: UGameplayTagsManager::ConstructGameplayTagTree: ImportINI -  0.000 s
[2019.04.03-07.21.42:905][  0]LogStats: UGameplayTagsManager::ConstructGameplayTagTree: GameplayTagTreeChangedEvent.Broadcast -  0.000 s
[2019.04.03-07.21.43:010][  0]Cmd: MAP LOAD FILE="../../../../../../Users/Urban/Documents/GitHub/GENESIS-VR/GENESIS/Content/VirtualReality/Maps/GENESISLAB.umap" TEMPLATE=0 SHOWPROGRESS=1 FEATURELEVEL=3
[2019.04.03-07.21.43:015][  0]LightingResults: New page: Lighting Build
[2019.04.03-07.21.43:016][  0]MapCheck: New page: Map Check
[2019.04.03-07.21.43:016][  0]LightingResults: New page: Lighting Build
[2019.04.03-07.21.43:252][  0]LogLinker: Warning: Can't find file '/Game/VirtualRealityBP/Blueprints/GripEnum'
[2019.04.03-07.21.43:253][  0]LogLinker: Warning: Can't find file for asset '/Game/VirtualRealityBP/Blueprints/GripEnum' while loading ../../../../../../Users/Urban/Documents/GitHub/GENESIS-VR/GENESIS/Content/VirtualReality/Mannequin/Animations/RightHand_AnimBP.uasset.
[2019.04.03-07.21.43:253][  0]LoadErrors: Error: /Game/VirtualReality/Mannequin/Animations/RightHand_AnimBP : Can't find file for asset. /Game/VirtualRealityBP/Blueprints/GripEnum
[2019.04.03-07.21.43:253][  0]LogLinker: Warning: Can't find file '/Game/VirtualRealityBP/Blueprints/GripEnum'
[2019.04.03-07.21.43:253][  0]LogLinker: Warning: Can't find file for asset '/Game/VirtualRealityBP/Blueprints/GripEnum' while loading ../../../../../../Users/Urban/Documents/GitHub/GENESIS-VR/GENESIS/Content/VirtualReality/Mannequin/Animations/RightHand_AnimBP.uasset.
[2019.04.03-07.21.43:253][  0]LoadErrors: Error: /Game/VirtualReality/Mannequin/Animations/RightHand_AnimBP : Can't find file for asset. /Game/VirtualRealityBP/Blueprints/GripEnum
[2019.04.03-07.21.43:256][  0]LogLinker: Warning: Can't find file '/Game/VirtualRealityBP/Blueprints/GripEnum'
[2019.04.03-07.21.43:256][  0]LoadErrors: Failed to load /Game/VirtualRealityBP/Blueprints/GripEnum.GripEnum Referenced by GripState
[2019.04.03-07.21.43:256][  0]LogLinker: Warning: Can't find file for asset '/Game/VirtualRealityBP/Blueprints/GripEnum' while loading ../../../../../../Users/Urban/Documents/GitHub/GENESIS-VR/GENESIS/Content/VirtualReality/Blueprints/BP_MotionController.uasset.
[2019.04.03-07.21.43:256][  0]LoadErrors: Failed to load /Game/VirtualRealityBP/Blueprints/GripEnum.GripEnum Referenced by GripState
[2019.04.03-07.21.43:256][  0]LoadErrors: Error: /Game/VirtualReality/Blueprints/BP_MotionController : Can't find file for asset. /Game/VirtualRealityBP/Blueprints/GripEnum
[2019.04.03-07.21.43:257][  0]LogLinker: Warning: Can't find file '/Game/VirtualRealityBP/Blueprints/GripEnum'
[2019.04.03-07.21.43:257][  0]LogLinker: Warning: Can't find file for asset '/Game/VirtualRealityBP/Blueprints/GripEnum' while loading ../../../../../../Users/Urban/Documents/GitHub/GENESIS-VR/GENESIS/Content/VirtualReality/Blueprints/BP_MotionController.uasset.
[2019.04.03-07.21.43:257][  0]LoadErrors: Error: /Game/VirtualReality/Blueprints/BP_MotionController : Can't find file for asset. /Game/VirtualRealityBP/Blueprints/GripEnum
[2019.04.03-07.21.43:257][  0]LogLinker: Warning: Can't find file '/Game/VirtualRealityBP/Blueprints/GripEnum'
[2019.04.03-07.21.43:257][  0]LogLinker: Warning: Can't find file for asset '/Game/VirtualRealityBP/Blueprints/GripEnum' while loading ../../../../../../Users/Urban/Documents/GitHub/GENESIS-VR/GENESIS/Content/VirtualReality/Blueprints/BP_MotionController.uasset.
[2019.04.03-07.21.43:257][  0]LoadErrors: Error: /Game/VirtualReality/Blueprints/BP_MotionController : Can't find file for asset. /Game/VirtualRealityBP/Blueprints/GripEnum
[2019.04.03-07.21.43:258][  0]LogLinker: Warning: Can't find file '/Game/VirtualRealityBP/Blueprints/GripEnum'
[2019.04.03-07.21.43:258][  0]LoadErrors: Failed to load /Game/VirtualRealityBP/Blueprints/GripEnum.GripEnum Referenced by RightHand_AnimBP
[2019.04.03-07.21.43:258][  0]LogLinker: Warning: Can't find file for asset '/Game/VirtualRealityBP/Blueprints/GripEnum' while loading ../../../../../../Users/Urban/Documents/GitHub/GENESIS-VR/GENESIS/Content/VirtualReality/Blueprints/BP_MotionController.uasset.
[2019.04.03-07.21.43:258][  0]LoadErrors: Failed to load /Game/VirtualRealityBP/Blueprints/GripEnum.GripEnum Referenced by RightHand_AnimBP
[2019.04.03-07.21.43:258][  0]LoadErrors: Error: /Game/VirtualReality/Blueprints/BP_MotionController : Can't find file for asset. /Game/VirtualRealityBP/Blueprints/GripEnum
[2019.04.03-07.21.43:258][  0]LogLinker: Warning: Can't find file '/Game/VirtualRealityBP/Blueprints/GripEnum'
[2019.04.03-07.21.43:258][  0]LoadErrors: Failed to load /Game/VirtualRealityBP/Blueprints/GripEnum.GripEnum Referenced by K2Node_VariableGet_64
[2019.04.03-07.21.43:259][  0]LogLinker: Warning: Can't find file for asset '/Game/VirtualRealityBP/Blueprints/GripEnum' while loading ../../../../../../Users/Urban/Documents/GitHub/GENESIS-VR/GENESIS/Content/VirtualReality/Blueprints/BP_MotionController.uasset.
[2019.04.03-07.21.43:259][  0]LoadErrors: Failed to load /Game/VirtualRealityBP/Blueprints/GripEnum.GripEnum Referenced by K2Node_VariableGet_64
[2019.04.03-07.21.43:259][  0]LoadErrors: Error: /Game/VirtualReality/Blueprints/BP_MotionController : Can't find file for asset. /Game/VirtualRealityBP/Blueprints/GripEnum
[2019.04.03-07.21.43:486][  0]LogBlueprint: Warning: [Compiler MotionControllerPawn] Get Input Axis references unknown Axis 'MotionControllerThumbRight_X' for  Get MotionControllerThumbRight_X
[2019.04.03-07.21.43:486][  0]LogBlueprint: Warning: [Compiler MotionControllerPawn] Get Input Axis references unknown Axis 'MotionControllerThumbRight_Y' for  Get MotionControllerThumbRight_Y
[2019.04.03-07.21.43:486][  0]LogBlueprint: Warning: [Compiler MotionControllerPawn] Get Input Axis references unknown Axis 'MotionControllerThumbLeft_Y' for  Get MotionControllerThumbLeft_Y
[2019.04.03-07.21.43:486][  0]LogBlueprint: Warning: [Compiler MotionControllerPawn] Get Input Axis references unknown Axis 'MotionControllerThumbLeft_X' for  Get MotionControllerThumbLeft_X
[2019.04.03-07.21.43:487][  0]LogBlueprint: Warning: [Compiler MotionControllerPawn] InputAction Event references unknown Action 'TeleportRight' for  InputAction TeleportRight
[2019.04.03-07.21.43:487][  0]LogBlueprint: Warning: [Compiler MotionControllerPawn] InputAction Event references unknown Action 'TeleportLeft' for  InputAction TeleportLeft
[2019.04.03-07.21.43:487][  0]LogBlueprint: Warning: [Compiler MotionControllerPawn] InputAction Event references unknown Action 'GrabRight' for  InputAction GrabRight
[2019.04.03-07.21.43:487][  0]LogBlueprint: Warning: [Compiler MotionControllerPawn] InputAction Event references unknown Action 'GrabLeft' for  InputAction GrabLeft
[2019.04.03-07.21.43:494][  0]LogBlueprint: Warning: [Compiler MotionControllerPawn] [0009.31] Compile of MotionControllerPawn successful, but with 8 Warning(s) [in 17 ms] (/Game/VirtualReality/Blueprints/MotionControllerPawn.MotionControllerPawn)
[2019.04.03-07.21.49:210][  0]LogAIModule: Creating AISystem for world GENESISLAB
[2019.04.03-07.22.21:153][  0]LogEditorServer: Finished looking for orphan Actors (0.000 secs)
[2019.04.03-07.22.22:416][  0]Cmd: MAP CHECKDEP NOCLEARLOG
[2019.04.03-07.22.22:416][  0]MapCheck: Map check complete: 0 Error(s), 0 Warning(s), took 0.126ms to complete.
[2019.04.03-07.22.22:416][  0]LogFileHelpers: Loading map 'GENESISLAB' took 39.406
[2019.04.03-07.22.22:568][  0]LogSlate: Updating window title bar state: overlay mode, drag disabled, window buttons hidden, title bar hidden
[2019.04.03-07.22.22:576][  0]LogSlate: Updating window title bar state: overlay mode, drag disabled, window buttons hidden, title bar hidden
[2019.04.03-07.22.22:583][  0]LogSlate: Updating window title bar state: overlay mode, drag disabled, window buttons hidden, title bar hidden
[2019.04.03-07.22.22:589][  0]LogSlate: Updating window title bar state: overlay mode, drag disabled, window buttons hidden, title bar hidden
[2019.04.03-07.22.22:605][  0]LogCollectionManager: Loaded 0 collections in 0.000903 seconds
[2019.04.03-07.22.22:640][  0]LogFileCache: Scanning file cache for directory 'C:/Users/Urban/Documents/GitHub/GENESIS-VR/GENESIS/Saved/Collections/' took 0.01s
[2019.04.03-07.22.22:640][  0]LogFileCache: Scanning file cache for directory 'C:/Users/Urban/Documents/GitHub/GENESIS-VR/GENESIS/Content/Developers/Urban/Collections/' took 0.00s
[2019.04.03-07.22.22:640][  0]LogFileCache: Scanning file cache for directory 'C:/Users/Urban/Documents/GitHub/GENESIS-VR/GENESIS/Content/Collections/' took 0.00s
[2019.04.03-07.22.22:640][  0]LogCollectionManager: Rebuilt the GUID cache for 0 collections in 0.000001 seconds
[2019.04.03-07.22.22:651][  0]LogContentBrowser: Native class hierarchy populated in 0.0096 seconds. Added 2651 classes and 620 folders.
[2019.04.03-07.22.22:666][  0]LogContentBrowser: Native class hierarchy updated for 'WidgetCarousel' in 0.0002 seconds. Added 0 classes and 0 folders.
[2019.04.03-07.22.22:678][  0]LogPakFile: Registered encryption key '00000000000000000000000000000000': 0 pak files mounted, 0 remain pending
[2019.04.03-07.22.22:685][  0]LogPakFile: Registered encryption key '00000000000000000000000000000000': 0 pak files mounted, 0 remain pending
[2019.04.03-07.22.22:699][  0]LogPakFile: Registered encryption key '00000000000000000000000000000000': 0 pak files mounted, 0 remain pending
[2019.04.03-07.22.22:704][  0]LogPakFile: Registered encryption key '00000000000000000000000000000000': 0 pak files mounted, 0 remain pending
[2019.04.03-07.22.22:708][  0]LogPakFile: Registered encryption key '00000000000000000000000000000000': 0 pak files mounted, 0 remain pending
[2019.04.03-07.22.22:713][  0]LogPakFile: Registered encryption key '00000000000000000000000000000000': 0 pak files mounted, 0 remain pending
[2019.04.03-07.22.22:717][  0]LogPakFile: Registered encryption key '00000000000000000000000000000000': 0 pak files mounted, 0 remain pending
[2019.04.03-07.22.22:724][  0]LogPakFile: Registered encryption key '00000000000000000000000000000000': 0 pak files mounted, 0 remain pending
[2019.04.03-07.22.22:731][  0]LogPakFile: Registered encryption key '00000000000000000000000000000000': 0 pak files mounted, 0 remain pending
[2019.04.03-07.22.22:737][  0]LogPakFile: Registered encryption key '00000000000000000000000000000000': 0 pak files mounted, 0 remain pending
[2019.04.03-07.22.22:742][  0]LogPakFile: Registered encryption key '00000000000000000000000000000000': 0 pak files mounted, 0 remain pending
[2019.04.03-07.22.22:745][  0]LogPakFile: Registered encryption key '00000000000000000000000000000000': 0 pak files mounted, 0 remain pending
[2019.04.03-07.22.22:750][  0]LogPakFile: Registered encryption key '00000000000000000000000000000000': 0 pak files mounted, 0 remain pending
[2019.04.03-07.22.22:756][  0]LogPakFile: Registered encryption key '00000000000000000000000000000000': 0 pak files mounted, 0 remain pending
[2019.04.03-07.22.22:760][  0]LogPakFile: Registered encryption key '00000000000000000000000000000000': 0 pak files mounted, 0 remain pending
[2019.04.03-07.22.22:765][  0]LogPakFile: Registered encryption key '00000000000000000000000000000000': 0 pak files mounted, 0 remain pending
[2019.04.03-07.22.22:783][  0]LogPakFile: Registered encryption key '00000000000000000000000000000000': 0 pak files mounted, 0 remain pending
[2019.04.03-07.22.22:787][  0]LogPakFile: Registered encryption key '00000000000000000000000000000000': 0 pak files mounted, 0 remain pending
[2019.04.03-07.22.22:792][  0]LogPakFile: Registered encryption key '00000000000000000000000000000000': 0 pak files mounted, 0 remain pending
[2019.04.03-07.22.22:798][  0]LogPakFile: Registered encryption key '00000000000000000000000000000000': 0 pak files mounted, 0 remain pending
[2019.04.03-07.22.22:822][  0]LogPakFile: Registered encryption key '00000000000000000000000000000000': 0 pak files mounted, 0 remain pending
[2019.04.03-07.22.22:827][  0]LogPakFile: Registered encryption key '00000000000000000000000000000000': 0 pak files mounted, 0 remain pending
[2019.04.03-07.22.22:832][  0]LogPakFile: Registered encryption key '00000000000000000000000000000000': 0 pak files mounted, 0 remain pending
[2019.04.03-07.22.22:839][  0]LogPakFile: Registered encryption key '00000000000000000000000000000000': 0 pak files mounted, 0 remain pending
[2019.04.03-07.22.22:844][  0]LogPakFile: Registered encryption key '00000000000000000000000000000000': 0 pak files mounted, 0 remain pending
[2019.04.03-07.22.22:849][  0]LogPakFile: Registered encryption key '00000000000000000000000000000000': 0 pak files mounted, 0 remain pending
[2019.04.03-07.22.22:994][  0]LogContentBrowser: Native class hierarchy updated for 'AddContentDialog' in 0.0003 seconds. Added 0 classes and 0 folders.
[2019.04.03-07.22.23:004][  0]LogContentBrowser: Native class hierarchy updated for 'SceneOutliner' in 0.0003 seconds. Added 1 classes and 2 folders.
[2019.04.03-07.22.23:060][  0]LogSlate: Took 0.000227 seconds to synchronously load lazily loaded font '../../../Engine/Content/Slate/Fonts/Roboto-Regular.ttf' (155K)
[2019.04.03-07.22.23:063][  0]LogSlate: Took 0.000198 seconds to synchronously load lazily loaded font '../../../Engine/Content/Slate/Fonts/Roboto-Bold.ttf' (160K)
[2019.04.03-07.22.23:076][  0]LogSlate: Took 0.006707 seconds to synchronously load lazily loaded font '../../../Engine/Content/Editor/Slate/Fonts/FontAwesome.ttf' (139K)
[2019.04.03-07.22.23:252][  0]LogRenderer: Reallocating scene render targets to support 676x372 Format 26 NumSamples 1 (Frame:1).
[2019.04.03-07.22.23:425][  0]LogSlate: Took 0.004066 seconds to synchronously load lazily loaded font '../../../Engine/Content/Slate/Fonts/Roboto-Light.ttf' (167K)
[2019.04.03-07.22.23:529][  0]LogContentBrowser: Native class hierarchy updated for 'HierarchicalLODOutliner' in 0.0002 seconds. Added 0 classes and 0 folders.
[2019.04.03-07.22.23:529][  0]LogLoad: (Engine Initialization) Total time: 49.35 seconds
[2019.04.03-07.22.23:529][  0]LogLoad: (Engine Initialization) Total Blueprint compile time: 0.00 seconds
[2019.04.03-07.22.23:592][  0]LogContentStreaming: Texture pool size now 1000 MB
[2019.04.03-07.22.23:612][  0]LogSlate: FSceneViewport::OnFocusLost() reason 2
[2019.04.03-07.22.23:885][  4]LogAssetRegistry: Asset discovery search completed in 45.3298 seconds
[2019.04.03-07.22.23:887][  4]LogCollectionManager: Rebuilt the object cache for 0 collections in 0.000000 seconds (found 0 objects)
[2019.04.03-07.22.23:887][  4]LogCollectionManager: Fixed up redirectors for 0 collections in 0.000056 seconds (updated 0 objects)
[2019.04.03-07.22.26:287][112]LogSlate: Window 'Message Log' being destroyed
[2019.04.03-07.22.26:290][112]LogSlate: Window 'Message Log' being destroyed
[2019.04.03-07.22.26:857][140]LogSlate: FSceneViewport::OnFocusLost() reason 0
[2019.04.03-08.04.19:118][224]LogSlate: FSceneViewport::OnFocusLost() reason 2
[2019.04.03-08.04.19:815][305]LogSlate: FSceneViewport::OnFocusLost() reason 2
[2019.04.03-08.04.20:492][384]LogSlate: FSceneViewport::OnFocusLost() reason 2
[2019.04.03-08.04.20:808][420]LogSlate: FSceneViewport::OnFocusLost() reason 2
[2019.04.03-08.04.25:407][960]LogSlate: FSceneViewport::OnFocusLost() reason 2
[2019.04.03-08.04.27:831][ 98]Cmd: MAP LOAD FILE="../../../../../../Users/Urban/Documents/GitHub/GENESIS-VR/GENESIS/Content/VirtualReality/Maps/GENESISLABTEST.umap" TEMPLATE=0 SHOWPROGRESS=1 FEATURELEVEL=3
[2019.04.03-08.04.27:836][ 98]LogSlate: Took 0.000209 seconds to synchronously load lazily loaded font '../../../Engine/Content/Slate/Fonts/Roboto-Light.ttf' (167K)
[2019.04.03-08.04.27:851][ 98]LightingResults: New page: Lighting Build
[2019.04.03-08.04.27:851][ 98]LoadErrors: New page: Loading map: GENESISLABTEST.umap
[2019.04.03-08.04.27:891][ 98]MapCheck: New page: Map Check
[2019.04.03-08.04.27:891][ 98]LightingResults: New page: Lighting Build
[2019.04.03-08.04.33:632][ 98]LogAIModule: Creating AISystem for world GENESISLABTEST
[2019.04.03-08.04.53:483][ 98]LogEditorServer: Finished looking for orphan Actors (0.000 secs)
[2019.04.03-08.04.55:305][ 98]Cmd: MAP CHECKDEP NOCLEARLOG
[2019.04.03-08.04.55:306][ 98]MapCheck: Map check complete: 0 Error(s), 0 Warning(s), took 0.117ms to complete.
[2019.04.03-08.04.55:306][ 98]LogFileHelpers: Loading map 'GENESISLABTEST' took 27.475
[2019.04.03-08.04.55:308][ 98]LogSlate: Window 'Open Level' being destroyed
[2019.04.03-08.07.51:482][ 93]LogSlate: FSceneViewport::OnFocusLost() reason 0
