Log file open, 03/12/19 00:22:17
LogWindows: Failed to load 'aqProf.dll' (GetLastError=126)
LogWindows: File 'aqProf.dll' does not exist
LogWindows: Failed to load 'VtuneApi.dll' (GetLastError=126)
LogWindows: File 'VtuneApi.dll' does not exist
LogWindows: Failed to load 'VtuneApi32e.dll' (GetLastError=126)
LogWindows: File 'VtuneApi32e.dll' does not exist
LogConsoleResponse: Display: Failed to find resolution value strings in scalability ini. Falling back to default.
LogInit: Display: Running engine for game: GENESIS
LogPakFile: Registered encryption key '00000000000000000000000000000000': 0 pak files mounted, 0 remain pending
LogPlatformFile: Not using cached read wrapper
LogTaskGraph: Started task graph with 5 named threads and 23 total threads with 3 sets of task threads.
LogStats: Stats thread started at 0.293274
LogD3D11RHI: Loaded GFSDK_Aftermath_Lib.x64.dll
LogICUInternationalization: ICU TimeZone Detection - Raw Offset: -7:00, Platform Override: ''
LogPluginManager: Mounting plugin Paper2D
LogPluginManager: Mounting plugin AISupport
LogPluginManager: Mounting plugin LightPropagationVolume
LogPluginManager: Mounting plugin ActorLayerUtilities
LogPluginManager: Mounting plugin CLionSourceCodeAccess
LogPluginManager: Mounting plugin CodeLiteSourceCodeAccess
LogPluginManager: Mounting plugin GitSourceControl
LogPluginManager: Mounting plugin KDevelopSourceCodeAccess
LogPluginManager: Mounting plugin NullSourceCodeAccess
LogPluginManager: Mounting plugin PerforceSourceControl
LogPluginManager: Mounting plugin SubversionSourceControl
LogPluginManager: Mounting plugin UObjectPlugin
LogPluginManager: Mounting plugin VisualStudioCodeSourceCodeAccess
LogPluginManager: Mounting plugin VisualStudioSourceCodeAccess
LogPluginManager: Mounting plugin XCodeSourceCodeAccess
LogPluginManager: Mounting plugin AssetManagerEditor
LogPluginManager: Mounting plugin CryptoKeys
LogPluginManager: Mounting plugin DataValidation
LogPluginManager: Mounting plugin FacialAnimation
LogPluginManager: Mounting plugin GameplayTagsEditor
LogPluginManager: Mounting plugin MacGraphicsSwitching
LogPluginManager: Mounting plugin MeshEditor
LogPluginManager: Mounting plugin MobileLauncherProfileWizard
LogPluginManager: Mounting plugin PluginBrowser
LogPluginManager: Mounting plugin SpeedTreeImporter
LogPluginManager: Mounting plugin DatasmithContent
LogPluginManager: Mounting plugin VariantManagerContent
LogPluginManager: Mounting plugin AlembicImporter
LogPluginManager: Mounting plugin AppleImageUtils
LogPluginManager: Mounting plugin AppleVision
LogPluginManager: Mounting plugin BackChannel
LogPluginManager: Mounting plugin CharacterAI
LogPluginManager: Mounting plugin GeometryCache
LogPluginManager: Mounting plugin HTML5Networking
LogPluginManager: Mounting plugin ProxyLODPlugin
LogPluginManager: Mounting plugin MagicLeap
LogPluginManager: Mounting plugin MagicLeapMedia
LogPluginManager: Mounting plugin AndroidMedia
LogPluginManager: Mounting plugin AvfMedia
LogPluginManager: Mounting plugin ImgMedia
LogPluginManager: Mounting plugin LinearTimecode
LogPluginManager: Mounting plugin MediaCompositing
LogPluginManager: Mounting plugin MediaPlayerEditor
LogPluginManager: Mounting plugin WebMMedia
LogPluginManager: Mounting plugin WmfMedia
LogPluginManager: Mounting plugin TcpMessaging
LogPluginManager: Mounting plugin UdpMessaging
LogPluginManager: Mounting plugin ActorSequence
LogPluginManager: Mounting plugin LevelSequenceEditor
LogPluginManager: Mounting plugin MatineeToLevelSequence
LogPluginManager: Mounting plugin NetcodeUnitTest
LogPluginManager: Mounting plugin NUTUnrealEngine4
LogPluginManager: Mounting plugin OnlineSubsystemGooglePlay
LogPluginManager: Mounting plugin OnlineSubsystemIOS
LogPluginManager: Mounting plugin OnlineSubsystem
LogPluginManager: Mounting plugin OnlineSubsystemNull
LogPluginManager: Mounting plugin OnlineSubsystemUtils
LogPluginManager: Mounting plugin LauncherChunkInstaller
LogPluginManager: Mounting plugin AndroidDeviceProfileSelector
LogPluginManager: Mounting plugin AndroidMoviePlayer
LogPluginManager: Mounting plugin AndroidPermission
LogPluginManager: Mounting plugin AppleMoviePlayer
LogPluginManager: Mounting plugin ArchVisCharacter
LogPluginManager: Mounting plugin AudioCapture
LogPluginManager: Mounting plugin CableComponent
LogPluginManager: Mounting plugin CustomMeshComponent
LogPluginManager: Mounting plugin EditableMesh
LogPluginManager: Mounting plugin ExampleDeviceProfileSelector
LogPluginManager: Mounting plugin Firebase
LogPluginManager: Mounting plugin GoogleCloudMessaging
LogPluginManager: Mounting plugin IOSDeviceProfileSelector
LogPluginManager: Mounting plugin LinuxDeviceProfileSelector
LogPluginManager: Mounting plugin LocationServicesBPLibrary
LogPluginManager: Mounting plugin MobilePatchingUtils
LogPluginManager: Mounting plugin OculusVR
LogPluginManager: Mounting plugin PhysXVehicles
LogPluginManager: Mounting plugin ProceduralMeshComponent
LogPluginManager: Mounting plugin RuntimePhysXCooking
LogPluginManager: Mounting plugin SteamVR
LogPluginManager: Mounting plugin WebMMoviePlayer
LogPluginManager: Mounting plugin WindowsMoviePlayer
LogStreaming: Display: Took  0.093s to configure plugins.
LogInit: Using libcurl 7.55.1-DEV
LogInit:  - built for x86_64-pc-win32
LogInit:  - supports SSL with OpenSSL/1.0.2h
LogInit:  - supports HTTP deflate (compression) using libz 1.2.8
LogInit:  - other features:
LogInit:      CURL_VERSION_SSL
LogInit:      CURL_VERSION_LIBZ
LogInit:      CURL_VERSION_IPV6
LogInit:      CURL_VERSION_ASYNCHDNS
LogInit:      CURL_VERSION_LARGEFILE
LogInit:      CURL_VERSION_IDN
LogInit:  CurlRequestOptions (configurable via config and command line):
LogInit:  - bVerifyPeer = true  - Libcurl will verify peer certificate
LogInit:  - bUseHttpProxy = false  - Libcurl will NOT use HTTP proxy
LogInit:  - bDontReuseConnections = false  - Libcurl will reuse connections
LogInit:  - MaxHostConnections = 16  - Libcurl will limit the number of connections to a host
LogInit:  - LocalHostAddr = Default
LogInit:  - BufferSize = 65536
LogInit: WinSock: version 1.1 (2.2), MaxSocks=32767, MaxUdp=65467
LogHMD: Failed initializing OVRPlugin 1.28.0
LogInit: Build: ++UE4+Release-4.21-CL-4753647
LogInit: Engine Version: 4.21.2-4753647+++UE4+Release-4.21
LogInit: Compatible Engine Version: 4.21.0-4541578+++UE4+Release-4.21
LogInit: Net CL: 4541578
LogInit: OS: Windows 10 (), CPU: Intel(R) Core(TM) i7-6700 CPU @ 3.40GHz, GPU: NVIDIA GeForce GTX 980 Ti
LogInit: Compiled (64-bit): Jan 19 2019 02:07:31
LogInit: Compiled with Visual C++: 19.13.26129.00
LogInit: Build Configuration: Development
LogInit: Branch Name: ++UE4+Release-4.21
LogInit: Command Line: 
LogInit: Base Directory: C:/Program Files/Epic Games/UE_4.21/Engine/Binaries/Win64/
LogInit: Installed Engine Build: 1
LogDevObjectVersion: Number of dev versions registered: 22
LogDevObjectVersion:   Dev-Blueprints (B0D832E4-1F89-4F0D-ACCF-7EB736FD4AA2): 10
LogDevObjectVersion:   Dev-Build (E1C64328-A22C-4D53-A36C-8E866417BD8C): 0
LogDevObjectVersion:   Dev-Core (375EC13C-06E4-48FB-B500-84F0262A717E): 2
LogDevObjectVersion:   Dev-Editor (E4B068ED-F494-42E9-A231-DA0B2E46BB41): 26
LogDevObjectVersion:   Dev-Framework (CFFC743F-43B0-4480-9391-14DF171D2073): 34
LogDevObjectVersion:   Dev-Mobile (B02B49B5-BB20-44E9-A304-32B752E40360): 2
LogDevObjectVersion:   Dev-Networking (A4E4105C-59A1-49B5-A7C5-40C4547EDFEE): 0
LogDevObjectVersion:   Dev-Online (39C831C9-5AE6-47DC-9A44-9C173E1C8E7C): 0
LogDevObjectVersion:   Dev-Physics (78F01B33-EBEA-4F98-B9B4-84EACCB95AA2): 0
LogDevObjectVersion:   Dev-Platform (6631380F-2D4D-43E0-8009-CF276956A95A): 0
LogDevObjectVersion:   Dev-Rendering (12F88B9F-8875-4AFC-A67C-D90C383ABD29): 27
LogDevObjectVersion:   Dev-Sequencer (7B5AE74C-D270-4C10-A958-57980B212A5A): 9
LogDevObjectVersion:   Dev-VR (D7296918-1DD6-4BDD-9DE2-64A83CC13884): 2
LogDevObjectVersion:   Dev-LoadTimes (C2A15278-BFE7-4AFE-6C17-90FF531DF755): 1
LogDevObjectVersion:   Private-Geometry (6EACA3D4-40EC-4CC1-B786-8BED09428FC5): 3
LogDevObjectVersion:   Dev-AnimPhys (29E575DD-E0A3-4627-9D10-D276232CDCEA): 17
LogDevObjectVersion:   Dev-Anim (AF43A65D-7FD3-4947-9873-3E8ED9C1BB05): 2
LogDevObjectVersion:   Dev-ReflectionCapture (6B266CEC-1EC7-4B8F-A30B-E4D90942FC07): 1
LogDevObjectVersion:   Dev-Automation (0DF73D61-A23F-47EA-B727-89E90C41499A): 1
LogDevObjectVersion:   FortniteMain (601D1886-AC64-4F84-AA16-D3DE0DEAC7D6): 17
LogDevObjectVersion:   Dev-Enterprise (9DFFBCD6-494F-0158-E221-12823C92A888): 4
LogDevObjectVersion:   Dev-Niagara (F2AED0AC-9AFE-416F-8664-AA7FFA26D6FC): 1
LogStreaming: Display: Took  0.001s to delete old logs.
LogInit: Presizing for max 8388607 objects, including 0 objects not considered by GC, pre-allocating 0 bytes for permanent pool.
LogInit: Object subsystem initialized
LogConfig: Setting CVar [[con.DebugEarlyDefault:1]]
LogConfig: Setting CVar [[r.setres:1280x720]]
[2019.03.12-06.22.18:518][  0]LogConfig: Setting CVar [[r.VSync:0]]
[2019.03.12-06.22.18:519][  0]LogConfig: Setting CVar [[r.RHICmdBypass:0]]
[2019.03.12-06.22.18:519][  0]LogConfig: Applying CVar settings from Section [/Script/Engine.RendererSettings] File [C:/Users/Urban/Documents/GitHub/GENESIS-VR/GENESIS/Saved/Config/Windows/Engine.ini]
[2019.03.12-06.22.18:519][  0]LogConfig: Setting CVar [[r.GPUCrashDebugging:0]]
[2019.03.12-06.22.18:519][  0]LogConfig: Applying CVar settings from Section [/Script/Engine.RendererOverrideSettings] File [C:/Users/Urban/Documents/GitHub/GENESIS-VR/GENESIS/Saved/Config/Windows/Engine.ini]
[2019.03.12-06.22.18:519][  0]LogConfig: Applying CVar settings from Section [/Script/Engine.StreamingSettings] File [C:/Users/Urban/Documents/GitHub/GENESIS-VR/GENESIS/Saved/Config/Windows/Engine.ini]
[2019.03.12-06.22.18:519][  0]LogConfig: Setting CVar [[s.MinBulkDataSizeForAsyncLoading:131072]]
[2019.03.12-06.22.18:519][  0]LogConfig: Setting CVar [[s.AsyncLoadingThreadEnabled:0]]
[2019.03.12-06.22.18:519][  0]LogConfig: Setting CVar [[s.EventDrivenLoaderEnabled:1]]
[2019.03.12-06.22.18:519][  0]LogConfig: Setting CVar [[s.WarnIfTimeLimitExceeded:0]]
[2019.03.12-06.22.18:519][  0]LogConfig: Setting CVar [[s.TimeLimitExceededMultiplier:1.5]]
[2019.03.12-06.22.18:519][  0]LogConfig: Setting CVar [[s.TimeLimitExceededMinTime:0.005]]
[2019.03.12-06.22.18:519][  0]LogConfig: Setting CVar [[s.UseBackgroundLevelStreaming:1]]
[2019.03.12-06.22.18:519][  0]LogConfig: Setting CVar [[s.PriorityAsyncLoadingExtraTime:15.0]]
[2019.03.12-06.22.18:519][  0]LogConfig: Setting CVar [[s.LevelStreamingActorsUpdateTimeLimit:5.0]]
[2019.03.12-06.22.18:519][  0]LogConfig: Setting CVar [[s.PriorityLevelStreamingActorsUpdateExtraTime:5.0]]
[2019.03.12-06.22.18:519][  0]LogConfig: Setting CVar [[s.LevelStreamingComponentsRegistrationGranularity:10]]
[2019.03.12-06.22.18:519][  0]LogConfig: Setting CVar [[s.UnregisterComponentsTimeLimit:1.0]]
[2019.03.12-06.22.18:519][  0]LogConfig: Setting CVar [[s.LevelStreamingComponentsUnregistrationGranularity:5]]
[2019.03.12-06.22.18:519][  0]LogConfig: Applying CVar settings from Section [/Script/Engine.GarbageCollectionSettings] File [C:/Users/Urban/Documents/GitHub/GENESIS-VR/GENESIS/Saved/Config/Windows/Engine.ini]
[2019.03.12-06.22.18:519][  0]LogConfig: Setting CVar [[gc.MaxObjectsNotConsideredByGC:1]]
[2019.03.12-06.22.18:519][  0]LogConfig: Setting CVar [[gc.SizeOfPermanentObjectPool:0]]
[2019.03.12-06.22.18:519][  0]LogConfig: Setting CVar [[gc.FlushStreamingOnGC:0]]
[2019.03.12-06.22.18:519][  0]LogConfig: Setting CVar [[gc.NumRetriesBeforeForcingGC:10]]
[2019.03.12-06.22.18:519][  0]LogConfig: Setting CVar [[gc.AllowParallelGC:1]]
[2019.03.12-06.22.18:519][  0]LogConfig: Setting CVar [[gc.TimeBetweenPurgingPendingKillObjects:61.1]]
[2019.03.12-06.22.18:519][  0]LogConfig: Setting CVar [[gc.MaxObjectsInEditor:8388607]]
[2019.03.12-06.22.18:519][  0]LogConfig: Setting CVar [[gc.IncrementalBeginDestroyEnabled:1]]
[2019.03.12-06.22.18:519][  0]LogConfig: Setting CVar [[gc.CreateGCClusters:1]]
[2019.03.12-06.22.18:519][  0]LogConfig: Setting CVar [[gc.MergeGCClusters:0]]
[2019.03.12-06.22.18:519][  0]LogConfig: Setting CVar [[gc.MinGCClusterSize:5]]
[2019.03.12-06.22.18:519][  0]LogConfig: Setting CVar [[gc.ActorClusteringEnabled:0]]
[2019.03.12-06.22.18:519][  0]LogConfig: Setting CVar [[gc.BlueprintClusteringEnabled:0]]
[2019.03.12-06.22.18:519][  0]LogConfig: Setting CVar [[gc.UseDisregardForGCOnDedicatedServers:0]]
[2019.03.12-06.22.18:519][  0]LogConfig: Applying CVar settings from Section [/Script/Engine.NetworkSettings] File [C:/Users/Urban/Documents/GitHub/GENESIS-VR/GENESIS/Saved/Config/Windows/Engine.ini]
[2019.03.12-06.22.18:519][  0]LogConfig: Applying CVar settings from Section [/Script/UnrealEd.CookerSettings] File [C:/Users/Urban/Documents/GitHub/GENESIS-VR/GENESIS/Saved/Config/Windows/Engine.ini]
[2019.03.12-06.22.18:522][  0]LogConfig: Applying CVar settings from Section [ViewDistanceQuality@3] File [C:/Users/Urban/Documents/GitHub/GENESIS-VR/GENESIS/Saved/Config/Windows/Scalability.ini]
[2019.03.12-06.22.18:522][  0]LogConfig: Setting CVar [[r.SkeletalMeshLODBias:0]]
[2019.03.12-06.22.18:522][  0]LogConfig: Setting CVar [[r.ViewDistanceScale:1.0]]
[2019.03.12-06.22.18:523][  0]LogConfig: Applying CVar settings from Section [AntiAliasingQuality@3] File [C:/Users/Urban/Documents/GitHub/GENESIS-VR/GENESIS/Saved/Config/Windows/Scalability.ini]
[2019.03.12-06.22.18:523][  0]LogConfig: Setting CVar [[r.PostProcessAAQuality:3]]
[2019.03.12-06.22.18:523][  0]LogConfig: Applying CVar settings from Section [ShadowQuality@3] File [C:/Users/Urban/Documents/GitHub/GENESIS-VR/GENESIS/Saved/Config/Windows/Scalability.ini]
[2019.03.12-06.22.18:523][  0]LogConfig: Setting CVar [[r.LightFunctionQuality:1]]
[2019.03.12-06.22.18:523][  0]LogConfig: Setting CVar [[r.ShadowQuality:5]]
[2019.03.12-06.22.18:523][  0]LogConfig: Setting CVar [[r.Shadow.CSM.MaxCascades:10]]
[2019.03.12-06.22.18:523][  0]LogConfig: Setting CVar [[r.Shadow.MaxResolution:2048]]
[2019.03.12-06.22.18:523][  0]LogConfig: Setting CVar [[r.Shadow.MaxCSMResolution:2048]]
[2019.03.12-06.22.18:523][  0]LogConfig: Setting CVar [[r.Shadow.RadiusThreshold:0.01]]
[2019.03.12-06.22.18:523][  0]LogConfig: Setting CVar [[r.Shadow.DistanceScale:1.0]]
[2019.03.12-06.22.18:523][  0]LogConfig: Setting CVar [[r.Shadow.CSM.TransitionScale:1.0]]
[2019.03.12-06.22.18:523][  0]LogConfig: Setting CVar [[r.Shadow.PreShadowResolutionFactor:1.0]]
[2019.03.12-06.22.18:523][  0]LogConfig: Setting CVar [[r.DistanceFieldShadowing:1]]
[2019.03.12-06.22.18:523][  0]LogConfig: Setting CVar [[r.DistanceFieldAO:1]]
[2019.03.12-06.22.18:523][  0]LogConfig: Setting CVar [[r.AOQuality:2]]
[2019.03.12-06.22.18:523][  0]LogConfig: Setting CVar [[r.VolumetricFog:1]]
[2019.03.12-06.22.18:523][  0]LogConfig: Setting CVar [[r.VolumetricFog.GridPixelSize:8]]
[2019.03.12-06.22.18:523][  0]LogConfig: Setting CVar [[r.VolumetricFog.GridSizeZ:128]]
[2019.03.12-06.22.18:523][  0]LogConfig: Setting CVar [[r.VolumetricFog.HistoryMissSupersampleCount:4]]
[2019.03.12-06.22.18:523][  0]LogConfig: Setting CVar [[r.LightMaxDrawDistanceScale:1]]
[2019.03.12-06.22.18:523][  0]LogConfig: Setting CVar [[r.CapsuleShadows:1]]
[2019.03.12-06.22.18:523][  0]LogConfig: Applying CVar settings from Section [PostProcessQuality@3] File [C:/Users/Urban/Documents/GitHub/GENESIS-VR/GENESIS/Saved/Config/Windows/Scalability.ini]
[2019.03.12-06.22.18:523][  0]LogConfig: Setting CVar [[r.MotionBlurQuality:0]]
[2019.03.12-06.22.18:523][  0]LogConfig: Setting CVar [[r.AmbientOcclusionMipLevelFactor:0.4]]
[2019.03.12-06.22.18:523][  0]LogConfig: Setting CVar [[r.AmbientOcclusionMaxQuality:100]]
[2019.03.12-06.22.18:523][  0]LogConfig: Setting CVar [[r.AmbientOcclusionLevels:0]]
[2019.03.12-06.22.18:523][  0]LogConfig: Setting CVar [[r.AmbientOcclusionRadiusScale:1.0]]
[2019.03.12-06.22.18:523][  0]LogConfig: Setting CVar [[r.DepthOfFieldQuality:0]]
[2019.03.12-06.22.18:523][  0]LogConfig: Setting CVar [[r.RenderTargetPoolMin:400]]
[2019.03.12-06.22.18:523][  0]LogConfig: Setting CVar [[r.LensFlareQuality:0]]
[2019.03.12-06.22.18:523][  0]LogConfig: Setting CVar [[r.SceneColorFringeQuality:0]]
[2019.03.12-06.22.18:523][  0]LogConfig: Setting CVar [[r.EyeAdaptationQuality:2]]
[2019.03.12-06.22.18:523][  0]LogConfig: Setting CVar [[r.BloomQuality:1]]
[2019.03.12-06.22.18:523][  0]LogConfig: Setting CVar [[r.FastBlurThreshold:0]]
[2019.03.12-06.22.18:523][  0]LogConfig: Setting CVar [[r.Upscale.Quality:3]]
[2019.03.12-06.22.18:523][  0]LogConfig: Setting CVar [[r.Tonemapper.GrainQuantization:1]]
[2019.03.12-06.22.18:523][  0]LogConfig: Setting CVar [[r.LightShaftQuality:1]]
[2019.03.12-06.22.18:523][  0]LogConfig: Setting CVar [[r.Filter.SizeScale:1]]
[2019.03.12-06.22.18:523][  0]LogConfig: Setting CVar [[r.Tonemapper.Quality:5]]
[2019.03.12-06.22.18:523][  0]LogConfig: Setting CVar [[r.DOF.Gather.AccumulatorQuality:1        ; higher gathering accumulator quality]]
[2019.03.12-06.22.18:523][  0]LogConfig: Setting CVar [[r.DOF.Gather.PostfilterMethod:1          ; Median3x3 postfilering method]]
[2019.03.12-06.22.18:523][  0]LogConfig: Setting CVar [[r.DOF.Gather.EnableBokehSettings:0       ; no bokeh simulation when gathering]]
[2019.03.12-06.22.18:523][  0]LogConfig: Setting CVar [[r.DOF.Gather.RingCount:4                 ; medium number of samples when gathering]]
[2019.03.12-06.22.18:523][  0]LogConfig: Setting CVar [[r.DOF.Scatter.ForegroundCompositing:1    ; additive foreground scattering]]
[2019.03.12-06.22.18:523][  0]LogConfig: Setting CVar [[r.DOF.Scatter.BackgroundCompositing:2    ; additive background scattering]]
[2019.03.12-06.22.18:523][  0]LogConfig: Setting CVar [[r.DOF.Scatter.EnableBokehSettings:1      ; bokeh simulation when scattering]]
[2019.03.12-06.22.18:523][  0]LogConfig: Setting CVar [[r.DOF.Scatter.MaxSpriteRatio:0.1         ; only a maximum of 10% of scattered bokeh]]
[2019.03.12-06.22.18:523][  0]LogConfig: Setting CVar [[r.DOF.Recombine.Quality:1                ; cheap slight out of focus]]
[2019.03.12-06.22.18:523][  0]LogConfig: Setting CVar [[r.DOF.Recombine.EnableBokehSettings:0    ; no bokeh simulation on slight out of focus]]
[2019.03.12-06.22.18:523][  0]LogConfig: Setting CVar [[r.DOF.TemporalAAQuality:1                ; more stable temporal accumulation]]
[2019.03.12-06.22.18:523][  0]LogConfig: Setting CVar [[r.DOF.Kernel.MaxForegroundRadius:0.025]]
[2019.03.12-06.22.18:523][  0]LogConfig: Setting CVar [[r.DOF.Kernel.MaxBackgroundRadius:0.025]]
[2019.03.12-06.22.18:523][  0]LogConfig: Applying CVar settings from Section [TextureQuality@3] File [C:/Users/Urban/Documents/GitHub/GENESIS-VR/GENESIS/Saved/Config/Windows/Scalability.ini]
[2019.03.12-06.22.18:523][  0]LogConfig: Setting CVar [[r.Streaming.MipBias:0]]
[2019.03.12-06.22.18:523][  0]LogConfig: Setting CVar [[r.Streaming.AmortizeCPUToGPUCopy:0]]
[2019.03.12-06.22.18:523][  0]LogConfig: Setting CVar [[r.Streaming.MaxNumTexturesToStreamPerFrame:0]]
[2019.03.12-06.22.18:523][  0]LogConfig: Setting CVar [[r.Streaming.Boost:1]]
[2019.03.12-06.22.18:523][  0]LogConfig: Setting CVar [[r.MaxAnisotropy:8]]
[2019.03.12-06.22.18:523][  0]LogConfig: Setting CVar [[r.Streaming.LimitPoolSizeToVRAM:0]]
[2019.03.12-06.22.18:523][  0]LogConfig: Setting CVar [[r.Streaming.PoolSize:1000]]
[2019.03.12-06.22.18:523][  0]LogConfig: Setting CVar [[r.Streaming.MaxEffectiveScreenSize:0]]
[2019.03.12-06.22.18:523][  0]LogConfig: Applying CVar settings from Section [EffectsQuality@3] File [C:/Users/Urban/Documents/GitHub/GENESIS-VR/GENESIS/Saved/Config/Windows/Scalability.ini]
[2019.03.12-06.22.18:523][  0]LogConfig: Setting CVar [[r.TranslucencyLightingVolumeDim:4]]
[2019.03.12-06.22.18:523][  0]LogConfig: Setting CVar [[r.RefractionQuality:2]]
[2019.03.12-06.22.18:523][  0]LogConfig: Setting CVar [[r.SSR.Quality:0]]
[2019.03.12-06.22.18:523][  0]LogConfig: Setting CVar [[r.SceneColorFormat:2]]
[2019.03.12-06.22.18:523][  0]LogConfig: Setting CVar [[r.DetailMode:2]]
[2019.03.12-06.22.18:523][  0]LogConfig: Setting CVar [[r.TranslucencyVolumeBlur:0]]
[2019.03.12-06.22.18:523][  0]LogConfig: Setting CVar [[r.MaterialQualityLevel:1 ; High quality]]
[2019.03.12-06.22.18:523][  0]LogConfig: Setting CVar [[r.SSS.Scale:1]]
[2019.03.12-06.22.18:523][  0]LogConfig: Setting CVar [[r.SSS.SampleSet:2]]
[2019.03.12-06.22.18:523][  0]LogConfig: Setting CVar [[r.SSS.Quality:1]]
[2019.03.12-06.22.18:523][  0]LogConfig: Setting CVar [[r.SSS.HalfRes:1]]
[2019.03.12-06.22.18:523][  0]LogConfig: Setting CVar [[r.EmitterSpawnRateScale:1.0]]
[2019.03.12-06.22.18:523][  0]LogConfig: Setting CVar [[r.ParticleLightQuality:2]]
[2019.03.12-06.22.18:523][  0]LogConfig: Applying CVar settings from Section [FoliageQuality@3] File [C:/Users/Urban/Documents/GitHub/GENESIS-VR/GENESIS/Saved/Config/Windows/Scalability.ini]
[2019.03.12-06.22.18:524][  0]LogConfig: Setting CVar [[foliage.DensityScale:1.0]]
[2019.03.12-06.22.18:524][  0]LogConfig: Setting CVar [[grass.DensityScale:1.0]]
[2019.03.12-06.22.18:524][  0]LogInit: Selected Device Profile: [Windows]
[2019.03.12-06.22.18:524][  0]LogInit: Applying CVar settings loaded from the selected device profile: [Windows]
[2019.03.12-06.22.18:541][  0]LogHAL: Display: Platform has ~ 16 GB [17077735424 / 17179869184 / 16], which maps to Larger [LargestMinGB=32, LargerMinGB=12, DefaultMinGB=8, SmallerMinGB=6, SmallestMinGB=0)
[2019.03.12-06.22.18:541][  0]LogConfig: Setting CVar [[r.Vulkan.UseRealUBs:1]]
[2019.03.12-06.22.18:541][  0]LogInit: Going up to parent DeviceProfile []
[2019.03.12-06.22.18:541][  0]LogConfig: Applying CVar settings from Section [ViewDistanceQuality@3] File [C:/Users/Urban/Documents/GitHub/GENESIS-VR/GENESIS/Saved/Config/Windows/Scalability.ini]
[2019.03.12-06.22.18:541][  0]LogConfig: Setting CVar [[r.SkeletalMeshLODBias:0]]
[2019.03.12-06.22.18:541][  0]LogConfig: Setting CVar [[r.ViewDistanceScale:1.0]]
[2019.03.12-06.22.18:541][  0]LogConfig: Applying CVar settings from Section [AntiAliasingQuality@3] File [C:/Users/Urban/Documents/GitHub/GENESIS-VR/GENESIS/Saved/Config/Windows/Scalability.ini]
[2019.03.12-06.22.18:541][  0]LogConfig: Setting CVar [[r.PostProcessAAQuality:3]]
[2019.03.12-06.22.18:541][  0]LogConfig: Applying CVar settings from Section [ShadowQuality@3] File [C:/Users/Urban/Documents/GitHub/GENESIS-VR/GENESIS/Saved/Config/Windows/Scalability.ini]
[2019.03.12-06.22.18:541][  0]LogConfig: Setting CVar [[r.LightFunctionQuality:1]]
[2019.03.12-06.22.18:541][  0]LogConfig: Setting CVar [[r.ShadowQuality:5]]
[2019.03.12-06.22.18:541][  0]LogConfig: Setting CVar [[r.Shadow.CSM.MaxCascades:10]]
[2019.03.12-06.22.18:541][  0]LogConfig: Setting CVar [[r.Shadow.MaxResolution:2048]]
[2019.03.12-06.22.18:541][  0]LogConfig: Setting CVar [[r.Shadow.MaxCSMResolution:2048]]
[2019.03.12-06.22.18:541][  0]LogConfig: Setting CVar [[r.Shadow.RadiusThreshold:0.01]]
[2019.03.12-06.22.18:541][  0]LogConfig: Setting CVar [[r.Shadow.DistanceScale:1.0]]
[2019.03.12-06.22.18:541][  0]LogConfig: Setting CVar [[r.Shadow.CSM.TransitionScale:1.0]]
[2019.03.12-06.22.18:542][  0]LogConfig: Setting CVar [[r.Shadow.PreShadowResolutionFactor:1.0]]
[2019.03.12-06.22.18:542][  0]LogConfig: Setting CVar [[r.DistanceFieldShadowing:1]]
[2019.03.12-06.22.18:542][  0]LogConfig: Setting CVar [[r.DistanceFieldAO:1]]
[2019.03.12-06.22.18:542][  0]LogConfig: Setting CVar [[r.AOQuality:2]]
[2019.03.12-06.22.18:542][  0]LogConfig: Setting CVar [[r.VolumetricFog:1]]
[2019.03.12-06.22.18:542][  0]LogConfig: Setting CVar [[r.VolumetricFog.GridPixelSize:8]]
[2019.03.12-06.22.18:542][  0]LogConfig: Setting CVar [[r.VolumetricFog.GridSizeZ:128]]
[2019.03.12-06.22.18:542][  0]LogConfig: Setting CVar [[r.VolumetricFog.HistoryMissSupersampleCount:4]]
[2019.03.12-06.22.18:542][  0]LogConfig: Setting CVar [[r.LightMaxDrawDistanceScale:1]]
[2019.03.12-06.22.18:542][  0]LogConfig: Setting CVar [[r.CapsuleShadows:1]]
[2019.03.12-06.22.18:542][  0]LogConfig: Applying CVar settings from Section [PostProcessQuality@3] File [C:/Users/Urban/Documents/GitHub/GENESIS-VR/GENESIS/Saved/Config/Windows/Scalability.ini]
[2019.03.12-06.22.18:542][  0]LogConfig: Setting CVar [[r.MotionBlurQuality:0]]
[2019.03.12-06.22.18:542][  0]LogConfig: Setting CVar [[r.AmbientOcclusionMipLevelFactor:0.4]]
[2019.03.12-06.22.18:542][  0]LogConfig: Setting CVar [[r.AmbientOcclusionMaxQuality:100]]
[2019.03.12-06.22.18:542][  0]LogConfig: Setting CVar [[r.AmbientOcclusionLevels:0]]
[2019.03.12-06.22.18:542][  0]LogConfig: Setting CVar [[r.AmbientOcclusionRadiusScale:1.0]]
[2019.03.12-06.22.18:542][  0]LogConfig: Setting CVar [[r.DepthOfFieldQuality:0]]
[2019.03.12-06.22.18:542][  0]LogConfig: Setting CVar [[r.RenderTargetPoolMin:400]]
[2019.03.12-06.22.18:542][  0]LogConfig: Setting CVar [[r.LensFlareQuality:0]]
[2019.03.12-06.22.18:542][  0]LogConfig: Setting CVar [[r.SceneColorFringeQuality:0]]
[2019.03.12-06.22.18:542][  0]LogConfig: Setting CVar [[r.EyeAdaptationQuality:2]]
[2019.03.12-06.22.18:542][  0]LogConfig: Setting CVar [[r.BloomQuality:1]]
[2019.03.12-06.22.18:542][  0]LogConfig: Setting CVar [[r.FastBlurThreshold:0]]
[2019.03.12-06.22.18:542][  0]LogConfig: Setting CVar [[r.Upscale.Quality:3]]
[2019.03.12-06.22.18:542][  0]LogConfig: Setting CVar [[r.Tonemapper.GrainQuantization:1]]
[2019.03.12-06.22.18:542][  0]LogConfig: Setting CVar [[r.LightShaftQuality:1]]
[2019.03.12-06.22.18:542][  0]LogConfig: Setting CVar [[r.Filter.SizeScale:1]]
[2019.03.12-06.22.18:542][  0]LogConfig: Setting CVar [[r.Tonemapper.Quality:5]]
[2019.03.12-06.22.18:542][  0]LogConfig: Setting CVar [[r.DOF.Gather.AccumulatorQuality:1        ; higher gathering accumulator quality]]
[2019.03.12-06.22.18:542][  0]LogConfig: Setting CVar [[r.DOF.Gather.PostfilterMethod:1          ; Median3x3 postfilering method]]
[2019.03.12-06.22.18:542][  0]LogConfig: Setting CVar [[r.DOF.Gather.EnableBokehSettings:0       ; no bokeh simulation when gathering]]
[2019.03.12-06.22.18:542][  0]LogConfig: Setting CVar [[r.DOF.Gather.RingCount:4                 ; medium number of samples when gathering]]
[2019.03.12-06.22.18:542][  0]LogConfig: Setting CVar [[r.DOF.Scatter.ForegroundCompositing:1    ; additive foreground scattering]]
[2019.03.12-06.22.18:542][  0]LogConfig: Setting CVar [[r.DOF.Scatter.BackgroundCompositing:2    ; additive background scattering]]
[2019.03.12-06.22.18:542][  0]LogConfig: Setting CVar [[r.DOF.Scatter.EnableBokehSettings:1      ; bokeh simulation when scattering]]
[2019.03.12-06.22.18:542][  0]LogConfig: Setting CVar [[r.DOF.Scatter.MaxSpriteRatio:0.1         ; only a maximum of 10% of scattered bokeh]]
[2019.03.12-06.22.18:542][  0]LogConfig: Setting CVar [[r.DOF.Recombine.Quality:1                ; cheap slight out of focus]]
[2019.03.12-06.22.18:542][  0]LogConfig: Setting CVar [[r.DOF.Recombine.EnableBokehSettings:0    ; no bokeh simulation on slight out of focus]]
[2019.03.12-06.22.18:542][  0]LogConfig: Setting CVar [[r.DOF.TemporalAAQuality:1                ; more stable temporal accumulation]]
[2019.03.12-06.22.18:542][  0]LogConfig: Setting CVar [[r.DOF.Kernel.MaxForegroundRadius:0.025]]
[2019.03.12-06.22.18:542][  0]LogConfig: Setting CVar [[r.DOF.Kernel.MaxBackgroundRadius:0.025]]
[2019.03.12-06.22.18:542][  0]LogConfig: Applying CVar settings from Section [TextureQuality@3] File [C:/Users/Urban/Documents/GitHub/GENESIS-VR/GENESIS/Saved/Config/Windows/Scalability.ini]
[2019.03.12-06.22.18:542][  0]LogConfig: Setting CVar [[r.Streaming.MipBias:0]]
[2019.03.12-06.22.18:542][  0]LogConfig: Setting CVar [[r.Streaming.AmortizeCPUToGPUCopy:0]]
[2019.03.12-06.22.18:542][  0]LogConfig: Setting CVar [[r.Streaming.MaxNumTexturesToStreamPerFrame:0]]
[2019.03.12-06.22.18:542][  0]LogConfig: Setting CVar [[r.Streaming.Boost:1]]
[2019.03.12-06.22.18:542][  0]LogConfig: Setting CVar [[r.MaxAnisotropy:8]]
[2019.03.12-06.22.18:542][  0]LogConfig: Setting CVar [[r.Streaming.LimitPoolSizeToVRAM:0]]
[2019.03.12-06.22.18:542][  0]LogConfig: Setting CVar [[r.Streaming.PoolSize:1000]]
[2019.03.12-06.22.18:542][  0]LogConfig: Setting CVar [[r.Streaming.MaxEffectiveScreenSize:0]]
[2019.03.12-06.22.18:542][  0]LogConfig: Applying CVar settings from Section [EffectsQuality@3] File [C:/Users/Urban/Documents/GitHub/GENESIS-VR/GENESIS/Saved/Config/Windows/Scalability.ini]
[2019.03.12-06.22.18:542][  0]LogConfig: Setting CVar [[r.TranslucencyLightingVolumeDim:4]]
[2019.03.12-06.22.18:542][  0]LogConfig: Setting CVar [[r.RefractionQuality:2]]
[2019.03.12-06.22.18:542][  0]LogConfig: Setting CVar [[r.SSR.Quality:0]]
[2019.03.12-06.22.18:542][  0]LogConfig: Setting CVar [[r.SceneColorFormat:2]]
[2019.03.12-06.22.18:542][  0]LogConfig: Setting CVar [[r.DetailMode:2]]
[2019.03.12-06.22.18:542][  0]LogConfig: Setting CVar [[r.TranslucencyVolumeBlur:0]]
[2019.03.12-06.22.18:542][  0]LogConfig: Setting CVar [[r.MaterialQualityLevel:1 ; High quality]]
[2019.03.12-06.22.18:542][  0]LogConfig: Setting CVar [[r.SSS.Scale:1]]
[2019.03.12-06.22.18:542][  0]LogConfig: Setting CVar [[r.SSS.SampleSet:2]]
[2019.03.12-06.22.18:542][  0]LogConfig: Setting CVar [[r.SSS.Quality:1]]
[2019.03.12-06.22.18:542][  0]LogConfig: Setting CVar [[r.SSS.HalfRes:1]]
[2019.03.12-06.22.18:542][  0]LogConfig: Setting CVar [[r.EmitterSpawnRateScale:1.0]]
[2019.03.12-06.22.18:542][  0]LogConfig: Setting CVar [[r.ParticleLightQuality:2]]
[2019.03.12-06.22.18:542][  0]LogConfig: Applying CVar settings from Section [FoliageQuality@3] File [C:/Users/Urban/Documents/GitHub/GENESIS-VR/GENESIS/Saved/Config/Windows/Scalability.ini]
[2019.03.12-06.22.18:542][  0]LogConfig: Setting CVar [[foliage.DensityScale:1.0]]
[2019.03.12-06.22.18:542][  0]LogConfig: Setting CVar [[grass.DensityScale:1.0]]
[2019.03.12-06.22.18:542][  0]LogConfig: Applying CVar settings from Section [Startup] File [../../../Engine/Config/ConsoleVariables.ini]
[2019.03.12-06.22.18:543][  0]LogConfig: Setting CVar [[net.UseAdaptiveNetUpdateFrequency:0]]
[2019.03.12-06.22.18:543][  0]LogConfig: Applying CVar settings from Section [ConsoleVariables] File [C:/Users/Urban/Documents/GitHub/GENESIS-VR/GENESIS/Saved/Config/Windows/Engine.ini]
[2019.03.12-06.22.18:543][  0]LogInit: Computer: DESKTOP-2SUL04T
[2019.03.12-06.22.18:543][  0]LogInit: User: Urban
[2019.03.12-06.22.18:543][  0]LogInit: CPU Page size=4096, Cores=4
[2019.03.12-06.22.18:543][  0]LogInit: High frequency timer resolution =10.000000 MHz
[2019.03.12-06.22.18:543][  0]LogMemory: Memory total: Physical=15.9GB (16GB approx)
[2019.03.12-06.22.18:543][  0]LogMemory: Platform Memory Stats for Windows
[2019.03.12-06.22.18:543][  0]LogMemory: Process Physical Memory: 105.64 MB used, 105.64 MB peak
[2019.03.12-06.22.18:543][  0]LogMemory: Process Virtual Memory: 95.09 MB used, 95.09 MB peak
[2019.03.12-06.22.18:543][  0]LogMemory: Physical Memory: 10527.92 MB used,  5758.68 MB free, 16286.60 MB total
[2019.03.12-06.22.18:543][  0]LogMemory: Virtual Memory: 4671.24 MB used,  134213056.00 MB free, 134217728.00 MB total
[2019.03.12-06.22.18:560][  0]LogInit: Using OS detected language (en-US).
[2019.03.12-06.22.18:560][  0]LogInit: Using OS detected locale (en-US).
[2019.03.12-06.22.18:561][  0]LogTextLocalizationManager: No specific localization for 'en-US' exists, so the 'en' localization will be used.
[2019.03.12-06.22.18:983][  0]LogStreaming: Display: Took  0.422s to InitEngineTextLocalization.
[2019.03.12-06.22.18:983][  0]LogInit: Setting process to per monitor DPI aware
[2019.03.12-06.22.19:038][  0]LogSlate: New Slate User Created.  User Index 0, Is Virtual User: 0
[2019.03.12-06.22.19:038][  0]LogSlate: Slate User Registered.  User Index 0, Is Virtual User: 0
[2019.03.12-06.22.19:293][  0]LogHMD: Failed to initialize OpenVR with code 300
[2019.03.12-06.22.19:293][  0]LogD3D11RHI: D3D11 adapters:
[2019.03.12-06.22.19:348][  0]LogD3D11RHI:    0. 'NVIDIA GeForce GTX 980 Ti' (Feature Level 11_0)
[2019.03.12-06.22.19:348][  0]LogD3D11RHI:       6097/0/8143 MB DedicatedVideo/DedicatedSystem/SharedSystem, Outputs:1, VendorId:0x10de
[2019.03.12-06.22.19:357][  0]LogD3D11RHI:    1. 'Intel(R) HD Graphics 530' (Feature Level 11_0)
[2019.03.12-06.22.19:357][  0]LogD3D11RHI:       128/0/8143 MB DedicatedVideo/DedicatedSystem/SharedSystem, Outputs:0, VendorId:0x8086
[2019.03.12-06.22.19:359][  0]LogD3D11RHI:    2. 'Microsoft Basic Render Driver' (Feature Level 11_0)
[2019.03.12-06.22.19:359][  0]LogD3D11RHI:       0/0/8143 MB DedicatedVideo/DedicatedSystem/SharedSystem, Outputs:0, VendorId:0x1414
[2019.03.12-06.22.19:359][  0]LogD3D11RHI: Chosen D3D11 Adapter: 0
[2019.03.12-06.22.19:369][  0]LogD3D11RHI: Creating new Direct3DDevice
[2019.03.12-06.22.19:369][  0]LogD3D11RHI:     GPU DeviceId: 0x17c8 (for the marketing name, search the web for "GPU Device Id")
[2019.03.12-06.22.19:369][  0]LogWindows: EnumDisplayDevices:
[2019.03.12-06.22.19:369][  0]LogWindows:    0. 'NVIDIA GeForce GTX 980 Ti' (P:1 D:1)
[2019.03.12-06.22.19:370][  0]LogWindows:    1. 'NVIDIA GeForce GTX 980 Ti' (P:0 D:0)
[2019.03.12-06.22.19:370][  0]LogWindows:    2. 'NVIDIA GeForce GTX 980 Ti' (P:0 D:0)
[2019.03.12-06.22.19:370][  0]LogWindows:    3. 'NVIDIA GeForce GTX 980 Ti' (P:0 D:0)
[2019.03.12-06.22.19:370][  0]LogWindows:    4. 'Intel(R) HD Graphics 530' (P:0 D:0)
[2019.03.12-06.22.19:371][  0]LogWindows:    5. 'Intel(R) HD Graphics 530' (P:0 D:0)
[2019.03.12-06.22.19:371][  0]LogWindows:    6. 'Intel(R) HD Graphics 530' (P:0 D:0)
[2019.03.12-06.22.19:372][  0]LogWindows: DebugString: PrimaryIsNotTheChoosenAdapter PrimaryIsNotTheChoosenAdapter PrimaryIsNotTheChoosenAdapter FoundDriverCount:4 
[2019.03.12-06.22.19:372][  0]LogD3D11RHI:     Adapter Name: NVIDIA GeForce GTX 980 Ti
[2019.03.12-06.22.19:372][  0]LogD3D11RHI:   Driver Version: 419.17 (internal:25.21.14.1917, unified:419.17)
[2019.03.12-06.22.19:372][  0]LogD3D11RHI:      Driver Date: 2-20-2019
[2019.03.12-06.22.19:372][  0]LogRHI: Texture pool is 4268 MB (70% of 6097 MB)
[2019.03.12-06.22.19:414][  0]LogD3D11RHI: Async texture creation enabled
[2019.03.12-06.22.19:432][  0]LogD3D11RHI: GPU Timing Frequency: 1000.000000 (Debug: 2 1)
[2019.03.12-06.22.19:804][  0]LogTemp: Display: Loaded TP AllDesktopTargetPlatform
[2019.03.12-06.22.19:819][  0]LogTemp: Display: Loaded TP MacClientTargetPlatform
[2019.03.12-06.22.19:832][  0]LogTemp: Display: Loaded TP MacNoEditorTargetPlatform
[2019.03.12-06.22.19:845][  0]LogTemp: Display: Loaded TP MacServerTargetPlatform
[2019.03.12-06.22.19:859][  0]LogTemp: Display: Loaded TP MacTargetPlatform
[2019.03.12-06.22.19:870][  0]LogTemp: Display: Loaded TP WindowsClientTargetPlatform
[2019.03.12-06.22.19:883][  0]LogTemp: Display: Loaded TP WindowsNoEditorTargetPlatform
[2019.03.12-06.22.19:896][  0]LogTemp: Display: Loaded TP WindowsServerTargetPlatform
[2019.03.12-06.22.19:903][  0]LogTemp: Display: Loaded TP WindowsTargetPlatform
[2019.03.12-06.22.19:975][  0]LogTemp: Display: Loaded TP AndroidTargetPlatform
[2019.03.12-06.22.19:975][  0]LogTemp: Display: Loaded TP AndroidTargetPlatform
[2019.03.12-06.22.19:975][  0]LogTemp: Display: Loaded TP AndroidTargetPlatform
[2019.03.12-06.22.19:975][  0]LogTemp: Display: Loaded TP AndroidTargetPlatform
[2019.03.12-06.22.19:975][  0]LogTemp: Display: Loaded TP AndroidTargetPlatform
[2019.03.12-06.22.19:975][  0]LogTemp: Display: Loaded TP AndroidTargetPlatform
[2019.03.12-06.22.19:975][  0]LogTemp: Display: Loaded TP AndroidTargetPlatform
[2019.03.12-06.22.19:975][  0]LogTemp: Display: Loaded TP AndroidTargetPlatform
[2019.03.12-06.22.19:975][  0]LogTemp: Display: Loaded TP AndroidTargetPlatform
[2019.03.12-06.22.19:975][  0]LogTemp: Display: Loaded TP AndroidTargetPlatform
[2019.03.12-06.22.19:975][  0]LogTemp: Display: Loaded TP AndroidTargetPlatform
[2019.03.12-06.22.19:975][  0]LogTemp: Display: Loaded TP AndroidTargetPlatform
[2019.03.12-06.22.19:975][  0]LogTemp: Display: Loaded TP AndroidTargetPlatform
[2019.03.12-06.22.19:975][  0]LogTemp: Display: Loaded TP AndroidTargetPlatform
[2019.03.12-06.22.19:975][  0]LogTemp: Display: Loaded TP AndroidTargetPlatform
[2019.03.12-06.22.19:975][  0]LogTemp: Display: Loaded TP AndroidTargetPlatform
[2019.03.12-06.22.19:975][  0]LogTemp: Display: Loaded TP AndroidTargetPlatform
[2019.03.12-06.22.19:975][  0]LogTemp: Display: Loaded TP AndroidTargetPlatform
[2019.03.12-06.22.19:977][  0]LogTemp: Display: Loaded TP HTML5TargetPlatform
[2019.03.12-06.22.20:036][  0]LogTemp: Display: Loaded TP IOSTargetPlatform
[2019.03.12-06.22.20:036][  0]LogTemp: Display: Loaded TP IOSTargetPlatform
[2019.03.12-06.22.20:059][  0]LogTemp: Display: Loaded TP TVOSTargetPlatform
[2019.03.12-06.22.20:059][  0]LogTemp: Display: Loaded TP TVOSTargetPlatform
[2019.03.12-06.22.20:071][  0]LogTemp: Display: Loaded TP LinuxClientTargetPlatform
[2019.03.12-06.22.20:084][  0]LogTemp: Display: Loaded TP LinuxNoEditorTargetPlatform
[2019.03.12-06.22.20:098][  0]LogTemp: Display: Loaded TP LinuxServerTargetPlatform
[2019.03.12-06.22.20:110][  0]LogTemp: Display: Loaded TP LinuxTargetPlatform
[2019.03.12-06.22.20:154][  0]LogTemp: Display: Loaded TP LuminTargetPlatform
[2019.03.12-06.22.20:154][  0]LogTemp: Display: Loaded TP LuminTargetPlatform
[2019.03.12-06.22.20:154][  0]LogTargetPlatformManager: Display: Building Assets For Windows
[2019.03.12-06.22.20:198][  0]LogShaderCompilers: Guid format shader working directory is -20 characters bigger than the processId version (../../../../../../Users/Urban/Documents/GitHub/GENESIS-VR/GENESIS/Intermediate/Shaders/WorkingDirectory/16920/).
[2019.03.12-06.22.20:199][  0]LogShaderCompilers: Cleaned the shader compiler working directory 'C:/Users/Urban/AppData/Local/Temp/UnrealShaderWorkingDir/FC202EFA451D1FD2EE9126B14A53BEA8/'.
[2019.03.12-06.22.20:200][  0]LogXGEController: Cannot use XGE Controller as Incredibuild is not installed on this machine.
[2019.03.12-06.22.20:200][  0]LogShaderCompilers: Cannot use XGE Shader Compiler as Incredibuild is not installed on this machine.
[2019.03.12-06.22.20:200][  0]LogShaderCompilers: Display: Using Local Shader Compiler.
[2019.03.12-06.22.20:723][  0]LogDerivedDataCache: Display: Max Cache Size: 512 MB
[2019.03.12-06.22.20:792][  0]LogDerivedDataCache: Loaded boot cache 0.07s 71MB C:/Users/Urban/AppData/Local/UnrealEngine/4.21/DerivedDataCache/Boot.ddc.
[2019.03.12-06.22.20:792][  0]LogDerivedDataCache: Display: Loaded Boot cache: C:/Users/Urban/AppData/Local/UnrealEngine/4.21/DerivedDataCache/Boot.ddc
[2019.03.12-06.22.20:792][  0]LogDerivedDataCache: FDerivedDataBackendGraph:  Pak pak cache file ../../../../../../Users/Urban/Documents/GitHub/GENESIS-VR/GENESIS/DerivedDataCache/DDC.ddp not found, will not use a pak cache.
[2019.03.12-06.22.20:792][  0]LogDerivedDataCache: Unable to find inner node Pak for hierarchical cache Hierarchy.
[2019.03.12-06.22.20:792][  0]LogDerivedDataCache: FDerivedDataBackendGraph:  CompressedPak pak cache file ../../../../../../Users/Urban/Documents/GitHub/GENESIS-VR/GENESIS/DerivedDataCache/Compressed.ddp not found, will not use a pak cache.
[2019.03.12-06.22.20:792][  0]LogDerivedDataCache: Unable to find inner node CompressedPak for hierarchical cache Hierarchy.
[2019.03.12-06.22.20:806][  0]LogDerivedDataCache: Display: Pak cache opened for reading ../../../Engine/DerivedDataCache/Compressed.ddp.
[2019.03.12-06.22.20:806][  0]LogDerivedDataCache: FDerivedDataBackendGraph:  EnterprisePak pak cache file ../../../Enterprise/DerivedDataCache/Compressed.ddp not found, will not use a pak cache.
[2019.03.12-06.22.20:806][  0]LogDerivedDataCache: Unable to find inner node EnterprisePak for hierarchical cache Hierarchy.
[2019.03.12-06.22.20:819][  0]LogDerivedDataCache: Using Local data cache path C:/Users/Urban/AppData/Local/UnrealEngine/Common/DerivedDataCache: Writable
[2019.03.12-06.22.20:819][  0]LogDerivedDataCache: Shared data cache path not found in *engine.ini, will not use an Shared cache.
[2019.03.12-06.22.20:819][  0]LogDerivedDataCache: Unable to find inner node Shared for hierarchical cache Hierarchy.
[2019.03.12-06.22.20:845][  0]LogMaterial: Verifying Global Shaders for PCD3D_SM5
[2019.03.12-06.22.20:846][  0]LogSlate: Using FreeType 2.6.0
[2019.03.12-06.22.20:847][  0]LogSlate: SlateFontServices - WITH_FREETYPE: 1, WITH_HARFBUZZ: 1
[2019.03.12-06.22.20:932][  0]LogAssetRegistry: FAssetRegistry took 0.0330 seconds to start up
[2019.03.12-06.22.21:259][  0]LogInit: Selected Device Profile: [Windows]
[2019.03.12-06.22.21:410][  0]LogSimplygon: Simplygon DLL not present - disabling.
[2019.03.12-06.22.21:412][  0]LogMeshReduction: Using SimplygonSwarm for distributed automatic mesh merging
[2019.03.12-06.22.21:412][  0]LogMeshReduction: Using ProxyLODMeshReduction for automatic mesh merging
[2019.03.12-06.22.21:412][  0]LogMeshReduction: Using QuadricMeshReduction for automatic static mesh reduction
[2019.03.12-06.22.21:412][  0]LogMeshReduction: No automatic skeletal mesh reduction module available
[2019.03.12-06.22.21:429][  0]LogNetVersion: GENESIS 1.0.0, NetCL: 4541578, EngineNetVer: 5, GameNetVer: 0 (Checksum: 558542273)
[2019.03.12-06.22.22:039][  0]LogPackageLocalizationCache: Processed 11 localized package path(s) for 2 prioritized culture(s) in 0.118383 seconds
[2019.03.12-06.22.22:047][  0]LogUObjectArray: 39775 objects as part of root set at end of initial load.
[2019.03.12-06.22.22:047][  0]LogUObjectAllocator: 6914664 out of 0 bytes used by permanent object pool.
[2019.03.12-06.22.22:047][  0]LogUObjectArray: CloseDisregardForGC: 0/0 objects in disregard for GC pool
[2019.03.12-06.22.22:910][  0]LogTcpMessaging: Initializing TcpMessaging bridge
[2019.03.12-06.22.22:924][  0]LogUdpMessaging: Initializing bridge on interface 0.0.0.0:0 to multicast group 230.0.0.1:6666.
[2019.03.12-06.22.23:603][  0]SourceControl: Source control is disabled
[2019.03.12-06.22.24:620][  0]LogAndroidPermission: UAndroidPermissionCallbackProxy::GetInstance
[2019.03.12-06.22.24:884][  0]LogOcInput: OculusInput pre-init called
[2019.03.12-06.22.25:018][  0]LogEngine: Initializing Engine...
[2019.03.12-06.22.25:061][  0]LogHMD: Failed to initialize OpenVR with code 300
[2019.03.12-06.22.25:062][  0]LogStats: UGameplayTagsManager::ConstructGameplayTagTree: ImportINI prefixes -  0.000 s
[2019.03.12-06.22.25:062][  0]LogStats: UGameplayTagsManager::ConstructGameplayTagTree: Construct from data asset -  0.000 s
[2019.03.12-06.22.25:062][  0]LogStats: UGameplayTagsManager::ConstructGameplayTagTree: ImportINI -  0.000 s
[2019.03.12-06.22.25:062][  0]LogStats: UGameplayTagsManager::ConstructGameplayTagTree: GameplayTagTreeChangedEvent.Broadcast -  0.000 s
[2019.03.12-06.22.25:322][  0]LogInit: Initializing FReadOnlyCVARCache
[2019.03.12-06.22.25:334][  0]LogAIModule: Creating AISystem for world Untitled
[2019.03.12-06.22.25:415][  0]LogInit: XAudio2 using 'Headphones (Realtek USB2.0 Audio)' : 2 channels at 44.1 kHz using 24 bits per sample (channel mask 0x3)
[2019.03.12-06.22.25:430][  0]LogInit: FAudioDevice initialized.
[2019.03.12-06.22.25:430][  0]LogNetVersion: Set ProjectVersion to 1.0.0.0. Version Checksum will be recalculated on next use.
[2019.03.12-06.22.25:507][  0]LogDerivedDataCache: Saved boot cache 0.08s 71MB C:/Users/Urban/AppData/Local/UnrealEngine/4.21/DerivedDataCache/Boot.ddc.
[2019.03.12-06.22.25:518][  0]LogInit: Texture streaming: Enabled
[2019.03.12-06.22.25:532][  0]LogEngineSessionManager: EngineSessionManager initialized
[2019.03.12-06.22.25:546][  0]LogInit: Transaction tracking system initialized
[2019.03.12-06.22.25:564][  0]BlueprintLog: New page: Editor Load
[2019.03.12-06.22.25:622][  0]LocalizationService: Localization service is disabled
[2019.03.12-06.22.25:942][  0]LogLinker: Warning: Can't find file '/Game/ThirdPersonBP/ThirdPersonOverview'
[2019.03.12-06.22.25:942][  0]LogLinker: Warning: Can't find file '/Game/ThirdPersonBP/ThirdPersonOverview'
[2019.03.12-06.22.25:942][  0]LogUObjectGlobals: Warning: Failed to find object 'Class /Game/ThirdPersonBP/ThirdPersonOverview.ThirdPersonOverview_C'
[2019.03.12-06.22.26:258][  0]LogCook: Display: Max memory allowance for cook 16384mb min free memory 0mb
[2019.03.12-06.22.26:258][  0]LogCook: Display: Mobile HDR setting 1
[2019.03.12-06.22.26:258][  0]LogGameplayTags: Display: UGameplayTagsManager::DoneAddingNativeTags. DelegateIsBound: 0
[2019.03.12-06.22.26:258][  0]LogStats: UGameplayTagsManager::ConstructGameplayTagTree: ImportINI prefixes -  0.000 s
[2019.03.12-06.22.26:258][  0]LogStats: UGameplayTagsManager::ConstructGameplayTagTree: Construct from data asset -  0.000 s
[2019.03.12-06.22.26:259][  0]LogStats: UGameplayTagsManager::ConstructGameplayTagTree: ImportINI -  0.000 s
[2019.03.12-06.22.26:259][  0]LogStats: UGameplayTagsManager::ConstructGameplayTagTree: GameplayTagTreeChangedEvent.Broadcast -  0.000 s
[2019.03.12-06.22.26:372][  0]Cmd: MAP LOAD FILE="../../../../../../Users/Urban/Documents/GitHub/GENESIS-VR/GENESIS/Content/VirtualReality/Maps/GENESISLAB.umap" TEMPLATE=0 SHOWPROGRESS=1 FEATURELEVEL=3
[2019.03.12-06.22.26:373][  0]LightingResults: New page: Lighting Build
[2019.03.12-06.22.26:375][  0]MapCheck: New page: Map Check
[2019.03.12-06.22.26:375][  0]LightingResults: New page: Lighting Build
[2019.03.12-06.22.26:453][  0]LogLinker: Warning: Can't find file '/Game/ThirdPersonBP/Blueprints/ThirdPersonCharacter'
[2019.03.12-06.22.26:453][  0]LogLinker: Warning: Can't find file for asset '/Game/ThirdPersonBP/Blueprints/ThirdPersonCharacter' while loading ../../../../../../Users/Urban/Documents/GitHub/GENESIS-VR/GENESIS/Content/Geometry/PAPERMAN/PAPERMANANIM.uasset.
[2019.03.12-06.22.26:454][  0]LoadErrors: Error: /Game/Geometry/PAPERMAN/PAPERMANANIM : Can't find file for asset. /Game/ThirdPersonBP/Blueprints/ThirdPersonCharacter
[2019.03.12-06.22.26:455][  0]LogLinker: Warning: Can't find file '/Game/ThirdPersonBP/Blueprints/ThirdPersonCharacter'
[2019.03.12-06.22.26:455][  0]LogLinker: Warning: Can't find file for asset '/Game/ThirdPersonBP/Blueprints/ThirdPersonCharacter' while loading ../../../../../../Users/Urban/Documents/GitHub/GENESIS-VR/GENESIS/Content/Geometry/PAPERMAN/PAPERMANANIM.uasset.
[2019.03.12-06.22.26:455][  0]LoadErrors: Error: /Game/Geometry/PAPERMAN/PAPERMANANIM : Can't find file for asset. /Game/ThirdPersonBP/Blueprints/ThirdPersonCharacter
[2019.03.12-06.22.26:457][  0]LogLinker: Warning: Can't find file '/Game/ThirdPersonBP/Blueprints/ThirdPersonCharacter'
[2019.03.12-06.22.26:457][  0]LogLinker: Warning: Can't find file for asset '/Game/ThirdPersonBP/Blueprints/ThirdPersonCharacter' while loading ../../../../../../Users/Urban/Documents/GitHub/GENESIS-VR/GENESIS/Content/Geometry/PAPERMAN/AI/Blueprints/BP_PapermanAI.uasset.
[2019.03.12-06.22.26:457][  0]LoadErrors: Error: /Game/Geometry/PAPERMAN/AI/Blueprints/BP_PapermanAI : Can't find file for asset. /Game/ThirdPersonBP/Blueprints/ThirdPersonCharacter
[2019.03.12-06.22.26:457][  0]LogLinker: Warning: Can't find file '/Game/ThirdPersonBP/Blueprints/ThirdPersonCharacter'
[2019.03.12-06.22.26:457][  0]LogLinker: Warning: Can't find file for asset '/Game/ThirdPersonBP/Blueprints/ThirdPersonCharacter' while loading ../../../../../../Users/Urban/Documents/GitHub/GENESIS-VR/GENESIS/Content/Geometry/PAPERMAN/AI/Blueprints/BP_PapermanAI.uasset.
[2019.03.12-06.22.26:457][  0]LoadErrors: Error: /Game/Geometry/PAPERMAN/AI/Blueprints/BP_PapermanAI : Can't find file for asset. /Game/ThirdPersonBP/Blueprints/ThirdPersonCharacter
[2019.03.12-06.22.26:458][  0]LogLinker: Warning: Can't find file '/Game/ThirdPersonBP/Blueprints/ThirdPersonCharacter'
[2019.03.12-06.22.26:458][  0]LogLinker: Warning: Can't find file for asset '/Game/ThirdPersonBP/Blueprints/ThirdPersonCharacter' while loading ../../../../../../Users/Urban/Documents/GitHub/GENESIS-VR/GENESIS/Content/Geometry/PAPERMAN/AI/Blueprints/BP_PapermanAI.uasset.
[2019.03.12-06.22.26:458][  0]LoadErrors: Error: /Game/Geometry/PAPERMAN/AI/Blueprints/BP_PapermanAI : Can't find file for asset. /Game/ThirdPersonBP/Blueprints/ThirdPersonCharacter
[2019.03.12-06.22.26:459][  0]LogLinker: Warning: Can't find file '/Game/ThirdPersonBP/Blueprints/ThirdPersonCharacter'
[2019.03.12-06.22.26:459][  0]LoadErrors: Failed to load /Game/ThirdPersonBP/Blueprints/ThirdPersonCharacter.ThirdPersonCharacter_C Referenced by K2Node_DynamicCast_0
[2019.03.12-06.22.26:459][  0]LogLinker: Warning: Can't find file for asset '/Game/ThirdPersonBP/Blueprints/ThirdPersonCharacter' while loading ../../../../../../Users/Urban/Documents/GitHub/GENESIS-VR/GENESIS/Content/Geometry/PAPERMAN/AI/Blueprints/BP_PapermanAI.uasset.
[2019.03.12-06.22.26:459][  0]LoadErrors: Failed to load /Game/ThirdPersonBP/Blueprints/ThirdPersonCharacter.ThirdPersonCharacter_C Referenced by K2Node_DynamicCast_0
[2019.03.12-06.22.26:459][  0]LoadErrors: Error: /Game/Geometry/PAPERMAN/AI/Blueprints/BP_PapermanAI : Can't find file for asset. /Game/ThirdPersonBP/Blueprints/ThirdPersonCharacter
[2019.03.12-06.22.26:459][  0]LogLinker: Warning: Can't find file '/Game/ThirdPersonBP/Blueprints/ThirdPersonCharacter'
[2019.03.12-06.22.26:459][  0]LoadErrors: Failed to load /Game/ThirdPersonBP/Blueprints/ThirdPersonCharacter.ThirdPersonCharacter_C Referenced by K2Node_DynamicCast_0
[2019.03.12-06.22.26:460][  0]LogLinker: Warning: Can't find file for asset '/Game/ThirdPersonBP/Blueprints/ThirdPersonCharacter' while loading ../../../../../../Users/Urban/Documents/GitHub/GENESIS-VR/GENESIS/Content/Geometry/PAPERMAN/AI/Blueprints/BP_PapermanAI.uasset.
[2019.03.12-06.22.26:460][  0]LoadErrors: Failed to load /Game/ThirdPersonBP/Blueprints/ThirdPersonCharacter.ThirdPersonCharacter_C Referenced by K2Node_DynamicCast_0
[2019.03.12-06.22.26:460][  0]LoadErrors: Error: /Game/Geometry/PAPERMAN/AI/Blueprints/BP_PapermanAI : Can't find file for asset. /Game/ThirdPersonBP/Blueprints/ThirdPersonCharacter
[2019.03.12-06.22.26:474][  0]LogBlueprint: Error: [Compiler PAPERMANANIM] Can't connect pins  Return Value  and  Object : This cast has an invalid target type (was the class deleted without a redirect?).
[2019.03.12-06.22.26:474][  0]LogBlueprint: Error: [Compiler PAPERMANANIM] Can't connect pins  Object  and  Return Value : This cast has an invalid target type (was the class deleted without a redirect?).
[2019.03.12-06.22.26:475][  0]LogBlueprint: Error: [Compiler PAPERMANANIM] In use pin  As Third Person Character  no longer exists on node  Bad cast node . Please refresh node or break links to remove pin.
[2019.03.12-06.22.26:479][  0]LogBlueprint: Error: [Compiler PAPERMANANIM] Can't connect pins  Return Value  and  Object : This cast has an invalid target type (was the class deleted without a redirect?).
[2019.03.12-06.22.26:479][  0]LogBlueprint: Error: [Compiler PAPERMANANIM] Can't connect pins  Object  and  Return Value : This cast has an invalid target type (was the class deleted without a redirect?).
[2019.03.12-06.22.26:479][  0]LogBlueprint: Error: [Compiler PAPERMANANIM] In use pin  As Third Person Character  no longer exists on node  Bad cast node . Please refresh node or break links to remove pin.
[2019.03.12-06.22.26:483][  0]LogBlueprint: Warning: [Compiler PAPERMANANIM] [0010.44] Compile of PAPERMANANIM failed. 6 Fatal Issue(s) 0 Warning(s) [in 20 ms] (/Game/Geometry/PAPERMAN/PAPERMANANIM.PAPERMANANIM)
[2019.03.12-06.22.27:512][  0]LogAIModule: Creating AISystem for world GENESISLAB
[2019.03.12-06.22.28:483][  0]LogEditorServer: Finished looking for orphan Actors (0.000 secs)
[2019.03.12-06.22.28:521][  0]Cmd: MAP CHECKDEP NOCLEARLOG
[2019.03.12-06.22.28:521][  0]MapCheck: Map check complete: 0 Error(s), 0 Warning(s), took 0.158ms to complete.
[2019.03.12-06.22.28:522][  0]LogFileHelpers: Loading map 'GENESISLAB' took 2.149
[2019.03.12-06.22.28:716][  0]LogSlate: Updating window title bar state: overlay mode, drag disabled, window buttons hidden, title bar hidden
[2019.03.12-06.22.28:728][  0]LogSlate: Updating window title bar state: overlay mode, drag disabled, window buttons hidden, title bar hidden
[2019.03.12-06.22.28:738][  0]LogSlate: Updating window title bar state: overlay mode, drag disabled, window buttons hidden, title bar hidden
[2019.03.12-06.22.28:748][  0]LogSlate: Updating window title bar state: overlay mode, drag disabled, window buttons hidden, title bar hidden
[2019.03.12-06.22.28:765][  0]LogCollectionManager: Loaded 0 collections in 0.001225 seconds
[2019.03.12-06.22.28:809][  0]LogFileCache: Scanning file cache for directory 'C:/Users/Urban/Documents/GitHub/GENESIS-VR/GENESIS/Saved/Collections/' took 0.01s
[2019.03.12-06.22.28:809][  0]LogFileCache: Scanning file cache for directory 'C:/Users/Urban/Documents/GitHub/GENESIS-VR/GENESIS/Content/Developers/Urban/Collections/' took 0.00s
[2019.03.12-06.22.28:809][  0]LogFileCache: Scanning file cache for directory 'C:/Users/Urban/Documents/GitHub/GENESIS-VR/GENESIS/Content/Collections/' took 0.01s
[2019.03.12-06.22.28:809][  0]LogCollectionManager: Rebuilt the GUID cache for 0 collections in 0.000001 seconds
[2019.03.12-06.22.28:823][  0]LogContentBrowser: Native class hierarchy populated in 0.0115 seconds. Added 2651 classes and 620 folders.
[2019.03.12-06.22.28:835][  0]LogContentBrowser: Native class hierarchy updated for 'WidgetCarousel' in 0.0003 seconds. Added 0 classes and 0 folders.
[2019.03.12-06.22.28:850][  0]LogPakFile: Registered encryption key '00000000000000000000000000000000': 0 pak files mounted, 0 remain pending
[2019.03.12-06.22.28:860][  0]LogPakFile: Registered encryption key '00000000000000000000000000000000': 0 pak files mounted, 0 remain pending
[2019.03.12-06.22.28:890][  0]LogPakFile: Registered encryption key '00000000000000000000000000000000': 0 pak files mounted, 0 remain pending
[2019.03.12-06.22.28:896][  0]LogPakFile: Registered encryption key '00000000000000000000000000000000': 0 pak files mounted, 0 remain pending
[2019.03.12-06.22.28:902][  0]LogPakFile: Registered encryption key '00000000000000000000000000000000': 0 pak files mounted, 0 remain pending
[2019.03.12-06.22.28:909][  0]LogPakFile: Registered encryption key '00000000000000000000000000000000': 0 pak files mounted, 0 remain pending
[2019.03.12-06.22.28:916][  0]LogPakFile: Registered encryption key '00000000000000000000000000000000': 0 pak files mounted, 0 remain pending
[2019.03.12-06.22.28:924][  0]LogPakFile: Registered encryption key '00000000000000000000000000000000': 0 pak files mounted, 0 remain pending
[2019.03.12-06.22.28:933][  0]LogPakFile: Registered encryption key '00000000000000000000000000000000': 0 pak files mounted, 0 remain pending
[2019.03.12-06.22.28:941][  0]LogPakFile: Registered encryption key '00000000000000000000000000000000': 0 pak files mounted, 0 remain pending
[2019.03.12-06.22.28:950][  0]LogPakFile: Registered encryption key '00000000000000000000000000000000': 0 pak files mounted, 0 remain pending
[2019.03.12-06.22.28:956][  0]LogPakFile: Registered encryption key '00000000000000000000000000000000': 0 pak files mounted, 0 remain pending
[2019.03.12-06.22.28:962][  0]LogPakFile: Registered encryption key '00000000000000000000000000000000': 0 pak files mounted, 0 remain pending
[2019.03.12-06.22.28:970][  0]LogPakFile: Registered encryption key '00000000000000000000000000000000': 0 pak files mounted, 0 remain pending
[2019.03.12-06.22.28:976][  0]LogPakFile: Registered encryption key '00000000000000000000000000000000': 0 pak files mounted, 0 remain pending
[2019.03.12-06.22.28:981][  0]LogPakFile: Registered encryption key '00000000000000000000000000000000': 0 pak files mounted, 0 remain pending
[2019.03.12-06.22.29:029][  0]LogPakFile: Registered encryption key '00000000000000000000000000000000': 0 pak files mounted, 0 remain pending
[2019.03.12-06.22.29:035][  0]LogPakFile: Registered encryption key '00000000000000000000000000000000': 0 pak files mounted, 0 remain pending
[2019.03.12-06.22.29:042][  0]LogPakFile: Registered encryption key '00000000000000000000000000000000': 0 pak files mounted, 0 remain pending
[2019.03.12-06.22.29:047][  0]LogPakFile: Registered encryption key '00000000000000000000000000000000': 0 pak files mounted, 0 remain pending
[2019.03.12-06.22.29:097][  0]LogPakFile: Registered encryption key '00000000000000000000000000000000': 0 pak files mounted, 0 remain pending
[2019.03.12-06.22.29:104][  0]LogPakFile: Registered encryption key '00000000000000000000000000000000': 0 pak files mounted, 0 remain pending
[2019.03.12-06.22.29:112][  0]LogPakFile: Registered encryption key '00000000000000000000000000000000': 0 pak files mounted, 0 remain pending
[2019.03.12-06.22.29:118][  0]LogPakFile: Registered encryption key '00000000000000000000000000000000': 0 pak files mounted, 0 remain pending
[2019.03.12-06.22.29:125][  0]LogPakFile: Registered encryption key '00000000000000000000000000000000': 0 pak files mounted, 0 remain pending
[2019.03.12-06.22.29:131][  0]LogPakFile: Registered encryption key '00000000000000000000000000000000': 0 pak files mounted, 0 remain pending
[2019.03.12-06.22.29:303][  0]LogContentBrowser: Native class hierarchy updated for 'AddContentDialog' in 0.0002 seconds. Added 0 classes and 0 folders.
[2019.03.12-06.22.29:312][  0]LogContentBrowser: Native class hierarchy updated for 'SceneOutliner' in 0.0003 seconds. Added 1 classes and 2 folders.
[2019.03.12-06.22.29:373][  0]LogSlate: Took 0.000253 seconds to synchronously load lazily loaded font '../../../Engine/Content/Slate/Fonts/Roboto-Regular.ttf' (155K)
[2019.03.12-06.22.29:375][  0]LogSlate: Took 0.000146 seconds to synchronously load lazily loaded font '../../../Engine/Content/Slate/Fonts/Roboto-Bold.ttf' (160K)
[2019.03.12-06.22.29:394][  0]LogSlate: Took 0.009982 seconds to synchronously load lazily loaded font '../../../Engine/Content/Editor/Slate/Fonts/FontAwesome.ttf' (139K)
[2019.03.12-06.22.29:558][  0]LogRenderer: Reallocating scene render targets to support 772x368 Format 26 NumSamples 1 (Frame:1).
[2019.03.12-06.22.29:749][  0]LogContentBrowser: Native class hierarchy updated for 'HierarchicalLODOutliner' in 0.0004 seconds. Added 0 classes and 0 folders.
[2019.03.12-06.22.29:749][  0]LogLoad: (Engine Initialization) Total time: 13.71 seconds
[2019.03.12-06.22.29:749][  0]LogLoad: (Engine Initialization) Total Blueprint compile time: 0.00 seconds
[2019.03.12-06.22.29:828][  0]LogContentStreaming: Texture pool size now 1000 MB
[2019.03.12-06.22.29:833][  0]LogSlate: FSceneViewport::OnFocusLost() reason 2
[2019.03.12-06.22.29:870][  0]LogSlate: Took 0.006181 seconds to synchronously load lazily loaded font '../../../Engine/Content/Slate/Fonts/Roboto-Light.ttf' (167K)
[2019.03.12-06.22.29:951][  1]LogAssetRegistry: Asset discovery search completed in 9.0424 seconds
[2019.03.12-06.22.29:954][  1]LogCollectionManager: Rebuilt the object cache for 0 collections in 0.000000 seconds (found 0 objects)
[2019.03.12-06.22.29:954][  1]LogCollectionManager: Fixed up redirectors for 0 collections in 0.000063 seconds (updated 0 objects)
[2019.03.12-06.22.32:205][201]LogSlate: Window 'Message Log' being destroyed
[2019.03.12-06.22.32:210][201]LogSlate: Window 'Message Log' being destroyed
[2019.03.12-06.26.21:466][ 34]LogEditorViewport: Clicking on Actor (LMB): BP_PapermanAI_C (BP_PapermanAI2)
[2019.03.12-06.26.23:369][172]LogSlate: FSceneViewport::OnFocusLost() reason 0
[2019.03.12-06.26.28:453][667]LogSlate: FSceneViewport::OnFocusLost() reason 0
[2019.03.12-06.26.45:673][399]LogSlate: FSceneViewport::OnFocusLost() reason 0
[2019.03.12-06.26.57:218][402]LogSlate: FSceneViewport::OnFocusLost() reason 0
[2019.03.12-06.27.01:781][797]LogSlate: FSceneViewport::OnFocusLost() reason 0
[2019.03.12-06.29.56:628][278]LogSlate: FSceneViewport::OnFocusLost() reason 0
[2019.03.12-06.31.28:203][967]LogSlate: FSceneViewport::OnFocusLost() reason 0
[2019.03.12-06.31.59:298][764]LogEditorViewport: Clicking on Actor (LMB): StaticMeshActor (LABI_Mesh2)
[2019.03.12-06.32.21:418][544]LogSlate: FSceneViewport::OnFocusLost() reason 2
[2019.03.12-06.32.52:634][352]LogSlate: Took 0.000210 seconds to synchronously load lazily loaded font '../../../Engine/Content/Slate/Fonts/Roboto-Light.ttf' (167K)
[2019.03.12-06.32.53:057][352]LogSavePackage: Moving '../../../../../../Users/Urban/Documents/GitHub/GENESIS-VR/GENESIS/Saved/GENESISLAB_Auto14069ED394B63147F452931BC07A26319.tmp' to '../../../../../../Users/Urban/Documents/GitHub/GENESIS-VR/GENESIS/Saved/Autosaves/Game/VirtualReality/Maps/GENESISLAB_Auto1.umap'
[2019.03.12-06.32.53:064][352]LogFileHelpers: Editor autosave (incl. sublevels) for '/Game/VirtualReality/Maps/GENESISLAB' took 0.399
[2019.03.12-06.32.53:064][352]LogFileHelpers: Editor autosave (incl. sublevels) for all levels took 0.399
[2019.03.12-06.34.17:263][231]LogSlate: FSceneViewport::OnFocusLost() reason 0
[2019.03.12-06.47.13:330][  1]LogAssetEditorManager: Opening Asset editor for UserDefinedEnum /Game/Geometry/Meshes/NewUserDefinedEnum.NewUserDefinedEnum
[2019.03.12-06.47.16:915][348]LogAudio: Warning: Current Audio Device with ID {0.0.0.00000000}.{6abeb171-c019-4058-b4c7-14e6d8ba2475} was removed. Shutting down audio device.
[2019.03.12-06.47.17:306][348]LogInit: XAudio2 using 'Speakers (JBL Xtreme 2 Stereo)' : 2 channels at 44.1 kHz using 16 bits per sample (channel mask 0x3)
[2019.03.12-06.47.31:789][849]LogSlate: Window 'NewUserDefinedEnum*' being destroyed
[2019.03.12-06.47.31:796][849]LogSlate: Window 'NewUserDefinedEnum*' being destroyed
[2019.03.12-06.48.01:807][104]LogInit: XAudio2 using 'Headset Earphone (JBL Xtreme 2 Hands-Free)' : 1 channels at 16 kHz using 16 bits per sample (channel mask 0x4)
[2019.03.12-06.48.01:826][104]LogAudio: Error: CreateSubmixVoice (Reverb) error: XAPO Creation Failed
[2019.03.12-06.48.08:560][122]LogInit: XAudio2 using 'Headphones (Realtek USB2.0 Audio)' : 2 channels at 44.1 kHz using 24 bits per sample (channel mask 0x3)
[2019.03.12-06.48.08:691][123]LogFileHelpers: Editor autosave (incl. sublevels) for '/Game/VirtualReality/Maps/GENESISLAB' took 0.027
[2019.03.12-06.48.08:692][123]OBJ SavePackage: Generating thumbnails for [0] asset(s) in package [/Game/Geometry/Meshes/NewUserDefinedEnum] ([1] browsable assets)...
[2019.03.12-06.48.08:692][123]OBJ SavePackage: Finished generating thumbnails for package [/Game/Geometry/Meshes/NewUserDefinedEnum]
[2019.03.12-06.48.08:704][123]LogSavePackage: Moving '../../../../../../Users/Urban/Documents/GitHub/GENESIS-VR/GENESIS/Saved/NewUserDefinedEnum_Auto2A2D02A304F4C72A41A03A4B0D7B99DDF.tmp' to '../../../../../../Users/Urban/Documents/GitHub/GENESIS-VR/GENESIS/Saved/Autosaves/Game/Geometry/Meshes/NewUserDefinedEnum_Auto2.uasset'
[2019.03.12-06.48.08:705][123]LogFileHelpers: Auto-saving content packages took 0.015
[2019.03.12-07.03.08:254][  3]LogSlate: FSceneViewport::OnFocusLost() reason 2
[2019.03.12-07.09.11:253][959]LogSlate: FSceneViewport::OnFocusLost() reason 2
[2019.03.12-07.13.56:158][805]Cmd: POLY SELECT ALL
[2019.03.12-07.13.59:983][249]LogSlate: FSceneViewport::OnFocusLost() reason 0
[2019.03.12-07.22.03:201][265]LogFactory: FactoryCreateFile: StaticMesh with FbxFactory (0 0 ../../../../../../Users/Urban/Downloads/EARTHMODEL/Earth_2K.fbx)
[2019.03.12-07.22.03:232][265]LogFbx: Loading FBX Scene from ../../../../../../Users/Urban/Downloads/EARTHMODEL/Earth_2K.fbx
[2019.03.12-07.22.03:242][265]LogFbx: FBX Scene Loaded Succesfully
[2019.03.12-07.22.06:890][265]LogSlate: Window 'FBX Import Options' being destroyed
[2019.03.12-07.22.07:090][265]LogMaterial: Display: Missing cached shader map for material Earth, compiling. 
[2019.03.12-07.22.07:140][265]LogFbx: Warning: Triangulating static mesh Earth
[2019.03.12-07.22.07:198][265]LogShaderCompilers: Display: Shaders left to compile 22
[2019.03.12-07.22.07:198][265]LogShaderCompilers: Display: Shaders left to compile 12
[2019.03.12-07.22.07:198][265]LogShaderCompilers: Display: Shaders left to compile 2
[2019.03.12-07.22.07:207][265]LogStaticMesh: Building static mesh Earth_2K_Earth...
[2019.03.12-07.22.07:221][265]LogStaticMesh: Built static mesh [0.01s] /Game/Geometry/Meshes/Earth_2K_Earth.Earth_2K_Earth
[2019.03.12-07.22.07:250][265]LogMaterial: Display: Missing cached shader map for material Atmosphere, compiling. 
[2019.03.12-07.22.07:264][265]LogShaderCompilers: Display: Shaders left to compile 22
[2019.03.12-07.22.07:266][265]LogFbx: Warning: Triangulating static mesh Atmosphere
[2019.03.12-07.22.07:309][265]LogStaticMesh: Building static mesh Earth_2K_Atmosphere...
[2019.03.12-07.22.07:316][265]LogStaticMesh: Built static mesh [0.01s] /Game/Geometry/Meshes/Earth_2K_Atmosphere.Earth_2K_Atmosphere
[2019.03.12-07.22.07:341][265]LogMaterial: Display: Missing cached shader map for material Clouds, compiling. 
[2019.03.12-07.22.07:366][265]LogFbx: Warning: Triangulating static mesh Clouds
[2019.03.12-07.22.07:415][265]LogStaticMesh: Building static mesh Earth_2K_Clouds...
[2019.03.12-07.22.07:427][265]LogStaticMesh: Built static mesh [0.01s] /Game/Geometry/Meshes/Earth_2K_Clouds.Earth_2K_Clouds
[2019.03.12-07.22.07:443][265]FBXImport: Warning: No smoothing group information was found in this FBX scene.  Please make sure to enable the 'Export Smoothing Groups' option in the FBX Exporter plug-in before exporting the file.  Even for tools that don't support smoothing groups, the FBX Exporter will generate appropriate smoothing data at export-time so that correct vertex normals can be inferred while importing. 
[2019.03.12-07.22.07:568][266]LogUnrealEdMisc: Warning: Heartbeat event firing too frequently (0.000 sec). This should never happen. Something is wrong with the timer delegate!
[2019.03.12-07.22.07:568][266]LogUnrealEdMisc: Warning: Heartbeat event firing too frequently (0.000 sec). This should never happen. Something is wrong with the timer delegate!
[2019.03.12-07.22.07:568][266]LogUnrealEdMisc: Warning: Heartbeat event firing too frequently (0.000 sec). This should never happen. Something is wrong with the timer delegate!
[2019.03.12-07.22.07:568][266]LogUnrealEdMisc: Warning: Heartbeat event firing too frequently (0.000 sec). This should never happen. Something is wrong with the timer delegate!
[2019.03.12-07.22.07:569][266]LogUnrealEdMisc: Warning: Heartbeat event firing too frequently (0.000 sec). This should never happen. Something is wrong with the timer delegate!
[2019.03.12-07.22.07:569][266]LogUnrealEdMisc: Warning: Heartbeat event firing too frequently (0.000 sec). This should never happen. Something is wrong with the timer delegate!
[2019.03.12-07.22.07:569][266]LogUnrealEdMisc: Warning: Heartbeat event firing too frequently (0.000 sec). This should never happen. Something is wrong with the timer delegate!
[2019.03.12-07.22.07:909][290]LogShaderCompilers: Display: Shaders left to compile 34
[2019.03.12-07.22.10:469][517]LogShaderCompilers: Display: Shaders left to compile 24
[2019.03.12-07.22.10:564][525]LogShaderCompilers: Display: Shaders left to compile 14
[2019.03.12-07.22.12:741][725]LogShaderCompilers: Display: Shaders left to compile 4
[2019.03.12-07.22.16:631][163]LogFileHelpers: Editor autosave (incl. sublevels) for '/Game/VirtualReality/Maps/GENESISLAB' took 0.020
[2019.03.12-07.22.16:633][163]OBJ SavePackage: Generating thumbnails for [1] asset(s) in package [/Game/Geometry/Meshes/Earth_2K_Earth] ([1] browsable assets)...
[2019.03.12-07.22.16:647][163]OBJ SavePackage:     Rendered thumbnail for [StaticMesh /Game/Geometry/Meshes/Earth_2K_Earth.Earth_2K_Earth]
[2019.03.12-07.22.16:647][163]OBJ SavePackage: Finished generating thumbnails for package [/Game/Geometry/Meshes/Earth_2K_Earth]
[2019.03.12-07.22.16:666][163]LogSavePackage: Moving '../../../../../../Users/Urban/Documents/GitHub/GENESIS-VR/GENESIS/Saved/Earth_2K_Earth_Auto32BC1C35D404B95373B8915A0527D199E.tmp' to '../../../../../../Users/Urban/Documents/GitHub/GENESIS-VR/GENESIS/Saved/Autosaves/Game/Geometry/Meshes/Earth_2K_Earth_Auto3.uasset'
[2019.03.12-07.22.16:667][163]OBJ SavePackage: Generating thumbnails for [1] asset(s) in package [/Game/Geometry/Meshes/Earth] ([1] browsable assets)...
[2019.03.12-07.22.16:678][163]OBJ SavePackage:     Rendered thumbnail for [Material /Game/Geometry/Meshes/Earth.Earth]
[2019.03.12-07.22.16:678][163]OBJ SavePackage: Finished generating thumbnails for package [/Game/Geometry/Meshes/Earth]
[2019.03.12-07.22.16:695][163]LogSavePackage: Moving '../../../../../../Users/Urban/Documents/GitHub/GENESIS-VR/GENESIS/Saved/Earth_Auto307C6782A4B7847004EC1A486BBE79A8F.tmp' to '../../../../../../Users/Urban/Documents/GitHub/GENESIS-VR/GENESIS/Saved/Autosaves/Game/Geometry/Meshes/Earth_Auto3.uasset'
[2019.03.12-07.22.16:696][163]OBJ SavePackage: Generating thumbnails for [1] asset(s) in package [/Game/Geometry/Meshes/Earth_2K_Atmosphere] ([1] browsable assets)...
[2019.03.12-07.22.16:707][163]OBJ SavePackage:     Rendered thumbnail for [StaticMesh /Game/Geometry/Meshes/Earth_2K_Atmosphere.Earth_2K_Atmosphere]
[2019.03.12-07.22.16:707][163]OBJ SavePackage: Finished generating thumbnails for package [/Game/Geometry/Meshes/Earth_2K_Atmosphere]
[2019.03.12-07.22.16:723][163]LogSavePackage: Moving '../../../../../../Users/Urban/Documents/GitHub/GENESIS-VR/GENESIS/Saved/Earth_2K_Atmosphere_Auto31EF65D1A449FE6F434F4FE84764D1B0D.tmp' to '../../../../../../Users/Urban/Documents/GitHub/GENESIS-VR/GENESIS/Saved/Autosaves/Game/Geometry/Meshes/Earth_2K_Atmosphere_Auto3.uasset'
[2019.03.12-07.22.16:725][163]OBJ SavePackage: Generating thumbnails for [1] asset(s) in package [/Game/Geometry/Meshes/Atmosphere] ([1] browsable assets)...
[2019.03.12-07.22.16:739][163]OBJ SavePackage:     Rendered thumbnail for [Material /Game/Geometry/Meshes/Atmosphere.Atmosphere]
[2019.03.12-07.22.16:739][163]OBJ SavePackage: Finished generating thumbnails for package [/Game/Geometry/Meshes/Atmosphere]
[2019.03.12-07.22.16:755][163]LogSavePackage: Moving '../../../../../../Users/Urban/Documents/GitHub/GENESIS-VR/GENESIS/Saved/Atmosphere_Auto30A5004D1480E2FE0E049D185390D967D.tmp' to '../../../../../../Users/Urban/Documents/GitHub/GENESIS-VR/GENESIS/Saved/Autosaves/Game/Geometry/Meshes/Atmosphere_Auto3.uasset'
[2019.03.12-07.22.16:756][163]OBJ SavePackage: Generating thumbnails for [1] asset(s) in package [/Game/Geometry/Meshes/Earth_2K_Clouds] ([1] browsable assets)...
[2019.03.12-07.22.16:766][163]OBJ SavePackage:     Rendered thumbnail for [StaticMesh /Game/Geometry/Meshes/Earth_2K_Clouds.Earth_2K_Clouds]
[2019.03.12-07.22.16:767][163]OBJ SavePackage: Finished generating thumbnails for package [/Game/Geometry/Meshes/Earth_2K_Clouds]
[2019.03.12-07.22.16:784][163]LogSavePackage: Moving '../../../../../../Users/Urban/Documents/GitHub/GENESIS-VR/GENESIS/Saved/Earth_2K_Clouds_Auto37C985C6549046356B84D9AA587381E88.tmp' to '../../../../../../Users/Urban/Documents/GitHub/GENESIS-VR/GENESIS/Saved/Autosaves/Game/Geometry/Meshes/Earth_2K_Clouds_Auto3.uasset'
[2019.03.12-07.22.16:785][163]OBJ SavePackage: Generating thumbnails for [1] asset(s) in package [/Game/Geometry/Meshes/Clouds] ([1] browsable assets)...
[2019.03.12-07.22.16:797][163]OBJ SavePackage:     Rendered thumbnail for [Material /Game/Geometry/Meshes/Clouds.Clouds]
[2019.03.12-07.22.16:797][163]OBJ SavePackage: Finished generating thumbnails for package [/Game/Geometry/Meshes/Clouds]
[2019.03.12-07.22.16:812][163]LogSavePackage: Moving '../../../../../../Users/Urban/Documents/GitHub/GENESIS-VR/GENESIS/Saved/Clouds_Auto383D76A2149B7B1AE92C17E8D843D6463.tmp' to '../../../../../../Users/Urban/Documents/GitHub/GENESIS-VR/GENESIS/Saved/Autosaves/Game/Geometry/Meshes/Clouds_Auto3.uasset'
[2019.03.12-07.22.16:813][163]LogFileHelpers: Auto-saving content packages took 0.180
[2019.03.12-07.22.18:935][413]LogSlate: Window 'Message Log' being destroyed
[2019.03.12-07.22.18:941][413]LogSlate: Window 'Message Log' being destroyed
[2019.03.12-07.22.26:204][270]LogSlate: FSceneViewport::OnFocusLost() reason 0
[2019.03.12-07.22.26:502][304]LogActorFactory: Actor Factory created Earth_2K_Earth
[2019.03.12-07.22.27:754][408]LogActorFactory: Actor Factory created Earth_2K_Earth
[2019.03.12-07.22.29:762][640]LogUnrealEdMisc: Warning: Heartbeat event firing too frequently (22.193 sec). This should never happen. Something is wrong with the timer delegate!
[2019.03.12-07.22.32:895][989]Cmd: TRANSACTION UNDO
[2019.03.12-07.22.32:895][989]LogEditorTransaction: Undo Create Actors
[2019.03.12-07.22.42:508][ 82]LogSlate: FSceneViewport::OnFocusLost() reason 0
[2019.03.12-07.22.50:555][ 95]LogFactory: FactoryCreateFile: Texture with ReimportTextureFactory (0 0 ../../../../../../Users/Urban/Downloads/EARTHMODEL/Bump_2K.png)
[2019.03.12-07.22.50:627][ 95]LogTexture: Display: Building textures: Bump_2K (BGRA8, 2098X1574)
[2019.03.12-07.22.50:874][ 95]LogFactory: FactoryCreateFile: Texture with ReimportTextureFactory (0 0 ../../../../../../Users/Urban/Downloads/EARTHMODEL/Clouds_2K.png)
[2019.03.12-07.22.50:953][ 95]LogTexture: Display: Building textures: Clouds_2K (BGRA8, 2098X1574)
[2019.03.12-07.22.51:179][ 95]LogFactory: FactoryCreateFile: Texture with ReimportTextureFactory (0 0 ../../../../../../Users/Urban/Downloads/EARTHMODEL/Diffuse_2K.png)
[2019.03.12-07.22.51:278][ 95]LogTexture: Display: Building textures: Diffuse_2K (BGRA8, 2098X1574)
[2019.03.12-07.22.51:501][ 95]LogFactory: FactoryCreateFile: Texture with ReimportTextureFactory (0 0 ../../../../../../Users/Urban/Downloads/EARTHMODEL/Night_lights_2K.png)
[2019.03.12-07.22.51:566][ 95]LogTexture: Display: Building textures: Night_lights_2K (BGRA8, 2098X1574)
[2019.03.12-07.22.51:803][ 95]LogFactory: FactoryCreateFile: Texture with ReimportTextureFactory (0 0 ../../../../../../Users/Urban/Downloads/EARTHMODEL/Ocean_Mask_2K.png)
[2019.03.12-07.22.51:869][ 95]LogTexture: Display: Building textures: Ocean_Mask_2K (BGRA8, 2098X1574)
[2019.03.12-07.22.56:306][540]LogAudio: Warning: Current Audio Device with ID {0.0.0.00000000}.{6abeb171-c019-4058-b4c7-14e6d8ba2475} was removed. Shutting down audio device.
[2019.03.12-07.22.56:718][540]LogInit: XAudio2 using 'Headset Earphone (JBL Xtreme 2 Hands-Free)' : 1 channels at 16 kHz using 16 bits per sample (channel mask 0x4)
[2019.03.12-07.22.57:144][540]LogAudio: Error: CreateSubmixVoice (Reverb) error: XAPO Creation Failed
[2019.03.12-07.23.07:353][974]LogInit: XAudio2 using 'Headphones (Realtek USB2.0 Audio)' : 2 channels at 44.1 kHz using 24 bits per sample (channel mask 0x3)
[2019.03.12-07.23.15:995][582]LogActorFactory: Actor Factory created Earth_2K_Earth
[2019.03.12-07.23.16:852][643]LogActorFactory: Actor Factory created Earth_2K_Earth
[2019.03.12-07.23.21:106][955]LogSlate: FSceneViewport::OnFocusLost() reason 2
[2019.03.12-07.23.30:654][838]LogSlate: FSceneViewport::OnFocusLost() reason 2
[2019.03.12-07.24.01:358][373]LogSlate: FSceneViewport::OnFocusLost() reason 2
[2019.03.12-07.26.38:899][ 43]Cmd: DELETE
[2019.03.12-07.26.38:899][ 43]Cmd: ACTOR DELETE
[2019.03.12-07.26.38:924][ 43]LogEditorActor: Deleted Actor: StaticMeshActor
[2019.03.12-07.26.38:949][ 43]LogEditorActor: Deleted 1 Actors (0.043 secs)
[2019.03.12-07.26.41:606][356]LogSlate: FSceneViewport::OnFocusLost() reason 0
[2019.03.12-07.32.17:558][703]LogFileManager: Error: Error flushing file: ../../../../../../Users/Urban/Documents/GitHub/GENESIS-VR/GENESIS/Saved/GENESISLAB_Auto48175C0DF4C92948B5B0D469166402A8E.tmp (There is not enough space on the disk.)
[2019.03.12-07.32.17:558][703]LogOutputDevice: Warning: 

Script Stack (0 frames):

[2019.03.12-07.32.17:558][703]LogWindows: Windows GetLastError: The operation completed successfully. (0)
[2019.03.12-07.32.19:509][703]LogWindows: Error: === Critical error: ===
[2019.03.12-07.32.19:509][703]LogWindows: Error: 
[2019.03.12-07.32.19:509][703]LogWindows: Error: Assertion failed: NewPosition <= FileSize [File:D:\Build\++UE4\Sync\Engine\Source\Runtime\Core\Private\Windows\WindowsPlatformFile.cpp] [Line: 513] 
[2019.03.12-07.32.19:509][703]LogWindows: Error: 
[2019.03.12-07.32.19:509][703]LogWindows: Error: 
[2019.03.12-07.32.19:509][703]LogWindows: Error: 
[2019.03.12-07.32.19:509][703]LogWindows: Error: [Callstack] 0x00007ff9abe85549 KERNELBASE.dll!UnknownFunction []
[2019.03.12-07.32.19:509][703]LogWindows: Error: [Callstack] 0x00007ff935c1cd1a UE4Editor-Core.dll!UnknownFunction []
[2019.03.12-07.32.19:509][703]LogWindows: Error: [Callstack] 0x00007ff9359fa967 UE4Editor-Core.dll!UnknownFunction []
[2019.03.12-07.32.19:509][703]LogWindows: Error: [Callstack] 0x00007ff935930df7 UE4Editor-Core.dll!UnknownFunction []
[2019.03.12-07.32.19:509][703]LogWindows: Error: [Callstack] 0x00007ff935c1c924 UE4Editor-Core.dll!UnknownFunction []
[2019.03.12-07.32.19:509][703]LogWindows: Error: [Callstack] 0x00007ff935814b74 UE4Editor-Core.dll!UnknownFunction []
[2019.03.12-07.32.19:509][703]LogWindows: Error: [Callstack] 0x00007ff94d104576 UE4Editor-CoreUObject.dll!UnknownFunction []
[2019.03.12-07.32.19:509][703]LogWindows: Error: [Callstack] 0x00007ff94d20a8b3 UE4Editor-CoreUObject.dll!UnknownFunction []
[2019.03.12-07.32.19:509][703]LogWindows: Error: [Callstack] 0x00007ff94d2085cc UE4Editor-CoreUObject.dll!UnknownFunction []
[2019.03.12-07.32.19:509][703]LogWindows: Error: [Callstack] 0x00007ff94d2082c4 UE4Editor-CoreUObject.dll!UnknownFunction []
[2019.03.12-07.32.19:509][703]LogWindows: Error: [Callstack] 0x00007ff8f8abef06 UE4Editor-Engine.dll!UnknownFunction []
[2019.03.12-07.32.19:509][703]LogWindows: Error: [Callstack] 0x00007ff8f8b8f3b5 UE4Editor-Engine.dll!UnknownFunction []
[2019.03.12-07.32.19:509][703]LogWindows: Error: [Callstack] 0x00007ff8f8b2d525 UE4Editor-Engine.dll!UnknownFunction []
[2019.03.12-07.32.19:509][703]LogWindows: Error: [Callstack] 0x00007ff95585ffd0 UE4Editor-Landscape.dll!UnknownFunction []
[2019.03.12-07.32.19:509][703]LogWindows: Error: [Callstack] 0x00007ff9559a59a5 UE4Editor-Landscape.dll!UnknownFunction []
[2019.03.12-07.32.19:509][703]LogWindows: Error: [Callstack] 0x00007ff94d2723cf UE4Editor-CoreUObject.dll!UnknownFunction []
[2019.03.12-07.32.19:509][703]LogWindows: Error: [Callstack] 0x00007ff8f71292e6 UE4Editor-UnrealEd.dll!UnknownFunction []
[2019.03.12-07.32.19:509][703]LogWindows: Error: [Callstack] 0x00007ff8f7129d07 UE4Editor-UnrealEd.dll!UnknownFunction []
[2019.03.12-07.32.19:509][703]LogWindows: Error: [Callstack] 0x00007ff8f716dfd4 UE4Editor-UnrealEd.dll!UnknownFunction []
[2019.03.12-07.32.19:509][703]LogWindows: Error: [Callstack] 0x00007ff8f716a7c5 UE4Editor-UnrealEd.dll!UnknownFunction []
[2019.03.12-07.32.19:509][703]LogWindows: Error: [Callstack] 0x00007ff8f7a70b33 UE4Editor-UnrealEd.dll!UnknownFunction []
[2019.03.12-07.32.19:509][703]LogWindows: Error: [Callstack] 0x00007ff8f756edfb UE4Editor-UnrealEd.dll!UnknownFunction []
[2019.03.12-07.32.19:509][703]LogWindows: Error: [Callstack] 0x00007ff8f75058f2 UE4Editor-UnrealEd.dll!UnknownFunction []
[2019.03.12-07.32.19:509][703]LogWindows: Error: [Callstack] 0x00007ff8f76e2a56 UE4Editor-UnrealEd.dll!UnknownFunction []
[2019.03.12-07.32.19:509][703]LogWindows: Error: [Callstack] 0x00007ff8f7a523c1 UE4Editor-UnrealEd.dll!UnknownFunction []
[2019.03.12-07.32.19:509][703]LogWindows: Error: [Callstack] 0x00007ff696276225 UE4Editor.exe!UnknownFunction []
[2019.03.12-07.32.19:509][703]LogWindows: Error: [Callstack] 0x00007ff69628596c UE4Editor.exe!UnknownFunction []
[2019.03.12-07.32.19:509][703]LogWindows: Error: [Callstack] 0x00007ff6962859ea UE4Editor.exe!UnknownFunction []
[2019.03.12-07.32.19:510][703]LogWindows: Error: [Callstack] 0x00007ff6962948da UE4Editor.exe!UnknownFunction []
[2019.03.12-07.32.19:510][703]LogWindows: Error: [Callstack] 0x00007ff69629659a UE4Editor.exe!UnknownFunction []
[2019.03.12-07.32.19:510][703]LogWindows: Error: [Callstack] 0x00007ff9ae7081f4 KERNEL32.DLL!UnknownFunction []
[2019.03.12-07.32.19:510][703]LogWindows: Error: [Callstack] 0x00007ff9af89a251 ntdll.dll!UnknownFunction []
[2019.03.12-07.32.19:510][703]LogWindows: Error: 
[2019.03.12-07.32.19:523][703]LogFileManager: Error: Error flushing file: C:/Users/Urban/Documents/GitHub/GENESIS-VR/GENESIS/Saved/Config/Windows/Engine.ini (There is not enough space on the disk.)
[2019.03.12-07.32.19:523][703]LogExit: Executing StaticShutdownAfterError
[2019.03.12-07.32.19:556][703]LogWindows: FPlatformMisc::RequestExit(1)
[2019.03.12-07.32.19:566][703]Log file closed, 03/12/19 01:32:19
